{"meta": {"format": 3, "version": "7.10.3", "timestamp": "2025-08-25T17:58:43.178722", "branch_coverage": false, "show_contexts": false}, "files": {"app/__init__.py": {"executed_lines": [0], "summary": {"covered_lines": 0, "num_statements": 0, "percent_covered": 100.0, "percent_covered_display": "100", "missing_lines": 0, "excluded_lines": 0}, "missing_lines": [], "excluded_lines": [], "functions": {"": {"executed_lines": [], "summary": {"covered_lines": 0, "num_statements": 0, "percent_covered": 100.0, "percent_covered_display": "100", "missing_lines": 0, "excluded_lines": 0}, "missing_lines": [], "excluded_lines": []}}, "classes": {"": {"executed_lines": [], "summary": {"covered_lines": 0, "num_statements": 0, "percent_covered": 100.0, "percent_covered_display": "100", "missing_lines": 0, "excluded_lines": 0}, "missing_lines": [], "excluded_lines": []}}}, "app/api/__init__.py": {"executed_lines": [0], "summary": {"covered_lines": 0, "num_statements": 0, "percent_covered": 100.0, "percent_covered_display": "100", "missing_lines": 0, "excluded_lines": 0}, "missing_lines": [], "excluded_lines": [], "functions": {"": {"executed_lines": [], "summary": {"covered_lines": 0, "num_statements": 0, "percent_covered": 100.0, "percent_covered_display": "100", "missing_lines": 0, "excluded_lines": 0}, "missing_lines": [], "excluded_lines": []}}, "classes": {"": {"executed_lines": [], "summary": {"covered_lines": 0, "num_statements": 0, "percent_covered": 100.0, "percent_covered_display": "100", "missing_lines": 0, "excluded_lines": 0}, "missing_lines": [], "excluded_lines": []}}}, "app/api/analysis.py": {"executed_lines": [1, 6, 7, 8, 10, 11, 12, 14, 15, 19, 22, 24, 28, 30, 33, 34, 65, 70, 72, 79, 82, 90, 98, 140, 141], "summary": {"covered_lines": 24, "num_statements": 42, "percent_covered": 57.142857142857146, "percent_covered_display": "57", "missing_lines": 18, "excluded_lines": 0}, "missing_lines": [73, 100, 102, 103, 105, 106, 110, 111, 116, 121, 123, 124, 125, 130, 132, 133, 134, 148], "excluded_lines": [], "functions": {"get_analysis_service": {"executed_lines": [30], "summary": {"covered_lines": 1, "num_statements": 1, "percent_covered": 100.0, "percent_covered_display": "100", "missing_lines": 0, "excluded_lines": 0}, "missing_lines": [], "excluded_lines": []}, "analyze_corrosion_rate": {"executed_lines": [65, 70, 72, 79, 82, 90, 98], "summary": {"covered_lines": 7, "num_statements": 24, "percent_covered": 29.166666666666668, "percent_covered_display": "29", "missing_lines": 17, "excluded_lines": 0}, "missing_lines": [73, 100, 102, 103, 105, 106, 110, 111, 116, 121, 123, 124, 125, 130, 132, 133, 134], "excluded_lines": []}, "analysis_health_check": {"executed_lines": [], "summary": {"covered_lines": 0, "num_statements": 1, "percent_covered": 0.0, "percent_covered_display": "0", "missing_lines": 1, "excluded_lines": 0}, "missing_lines": [148], "excluded_lines": []}, "": {"executed_lines": [1, 6, 7, 8, 10, 11, 12, 14, 15, 19, 22, 24, 28, 33, 34, 140, 141], "summary": {"covered_lines": 16, "num_statements": 16, "percent_covered": 100.0, "percent_covered_display": "100", "missing_lines": 0, "excluded_lines": 0}, "missing_lines": [], "excluded_lines": []}}, "classes": {"": {"executed_lines": [1, 6, 7, 8, 10, 11, 12, 14, 15, 19, 22, 24, 28, 30, 33, 34, 65, 70, 72, 79, 82, 90, 98, 140, 141], "summary": {"covered_lines": 24, "num_statements": 42, "percent_covered": 57.142857142857146, "percent_covered_display": "57", "missing_lines": 18, "excluded_lines": 0}, "missing_lines": [73, 100, 102, 103, 105, 106, 110, 111, 116, 121, 123, 124, 125, 130, 132, 133, 134, 148], "excluded_lines": []}}}, "app/api/audit.py": {"executed_lines": [1, 8, 10, 11, 12, 14, 15, 16, 19, 21, 24, 27, 41, 45, 53, 57, 58, 59, 64, 134, 135], "summary": {"covered_lines": 20, "num_statements": 22, "percent_covered": 90.9090909090909, "percent_covered_display": "91", "missing_lines": 2, "excluded_lines": 0}, "missing_lines": [46, 47], "excluded_lines": [], "functions": {"get_complete_audit_trail": {"executed_lines": [41, 45, 53, 57, 58, 59, 64, 134, 135], "summary": {"covered_lines": 9, "num_statements": 11, "percent_covered": 81.81818181818181, "percent_covered_display": "82", "missing_lines": 2, "excluded_lines": 0}, "missing_lines": [46, 47], "excluded_lines": []}, "": {"executed_lines": [1, 8, 10, 11, 12, 14, 15, 16, 19, 21, 24, 27], "summary": {"covered_lines": 11, "num_statements": 11, "percent_covered": 100.0, "percent_covered_display": "100", "missing_lines": 0, "excluded_lines": 0}, "missing_lines": [], "excluded_lines": []}}, "classes": {"": {"executed_lines": [1, 8, 10, 11, 12, 14, 15, 16, 19, 21, 24, 27, 41, 45, 53, 57, 58, 59, 64, 134, 135], "summary": {"covered_lines": 20, "num_statements": 22, "percent_covered": 90.9090909090909, "percent_covered_display": "91", "missing_lines": 2, "excluded_lines": 0}, "missing_lines": [46, 47], "excluded_lines": []}}}, "app/api/calculations.py": {"executed_lines": [1, 8, 9, 10, 12, 13, 14, 15, 17, 18, 19, 22, 24, 31, 32, 33, 37, 38, 42, 46, 52, 53, 54, 58, 59, 60, 61, 62, 65, 66, 67, 68, 71, 72, 73, 74, 77, 78, 79, 82, 84, 85, 87, 94, 108, 133, 138, 151, 153, 157, 164, 167, 170, 177, 181, 189, 190, 192, 198, 200, 213, 216, 221, 225, 231, 254], "summary": {"covered_lines": 63, "num_statements": 73, "percent_covered": 86.3013698630137, "percent_covered_display": "86", "missing_lines": 10, "excluded_lines": 0}, "missing_lines": [158, 159, 182, 183, 202, 204, 205, 206, 207, 226], "excluded_lines": [], "functions": {"API579CalculationResult.serialize_uuid_fields": {"executed_lines": [87], "summary": {"covered_lines": 1, "num_statements": 1, "percent_covered": 100.0, "percent_covered_display": "100", "missing_lines": 0, "excluded_lines": 0}, "missing_lines": [], "excluded_lines": []}, "_build_calculation_response": {"executed_lines": [108], "summary": {"covered_lines": 1, "num_statements": 1, "percent_covered": 100.0, "percent_covered_display": "100", "missing_lines": 0, "excluded_lines": 0}, "missing_lines": [], "excluded_lines": []}, "perform_api579_calculation": {"executed_lines": [151, 153, 157, 164, 167, 170, 177, 181, 189, 190, 192, 198, 200], "summary": {"covered_lines": 13, "num_statements": 22, "percent_covered": 59.09090909090909, "percent_covered_display": "59", "missing_lines": 9, "excluded_lines": 0}, "missing_lines": [158, 159, 182, 183, 202, 204, 205, 206, 207], "excluded_lines": []}, "get_calculation_audit": {"executed_lines": [221, 225, 231, 254], "summary": {"covered_lines": 4, "num_statements": 5, "percent_covered": 80.0, "percent_covered_display": "80", "missing_lines": 1, "excluded_lines": 0}, "missing_lines": [226], "excluded_lines": []}, "": {"executed_lines": [1, 8, 9, 10, 12, 13, 14, 15, 17, 18, 19, 22, 24, 31, 32, 33, 37, 38, 42, 46, 52, 53, 54, 58, 59, 60, 61, 62, 65, 66, 67, 68, 71, 72, 73, 74, 77, 78, 79, 82, 84, 85, 94, 133, 138, 213, 216], "summary": {"covered_lines": 44, "num_statements": 44, "percent_covered": 100.0, "percent_covered_display": "100", "missing_lines": 0, "excluded_lines": 0}, "missing_lines": [], "excluded_lines": []}}, "classes": {"API579CalculationRequest": {"executed_lines": [], "summary": {"covered_lines": 0, "num_statements": 0, "percent_covered": 100.0, "percent_covered_display": "100", "missing_lines": 0, "excluded_lines": 0}, "missing_lines": [], "excluded_lines": []}, "API579CalculationResult": {"executed_lines": [87], "summary": {"covered_lines": 1, "num_statements": 1, "percent_covered": 100.0, "percent_covered_display": "100", "missing_lines": 0, "excluded_lines": 0}, "missing_lines": [], "excluded_lines": []}, "": {"executed_lines": [1, 8, 9, 10, 12, 13, 14, 15, 17, 18, 19, 22, 24, 31, 32, 33, 37, 38, 42, 46, 52, 53, 54, 58, 59, 60, 61, 62, 65, 66, 67, 68, 71, 72, 73, 74, 77, 78, 79, 82, 84, 85, 94, 108, 133, 138, 151, 153, 157, 164, 167, 170, 177, 181, 189, 190, 192, 198, 200, 213, 216, 221, 225, 231, 254], "summary": {"covered_lines": 62, "num_statements": 72, "percent_covered": 86.11111111111111, "percent_covered_display": "86", "missing_lines": 10, "excluded_lines": 0}, "missing_lines": [158, 159, 182, 183, 202, 204, 205, 206, 207, 226], "excluded_lines": []}}}, "app/api/documents.py": {"executed_lines": [], "summary": {"covered_lines": 0, "num_statements": 40, "percent_covered": 0.0, "percent_covered_display": "0", "missing_lines": 40, "excluded_lines": 0}, "missing_lines": [5, 6, 7, 8, 9, 11, 14, 17, 20, 21, 31, 32, 35, 36, 37, 38, 40, 42, 45, 46, 47, 50, 58, 60, 61, 65, 66, 69, 70, 75, 123, 125, 127, 128, 129, 132, 134, 145, 146, 155], "excluded_lines": [], "functions": {"extract_inspection_data": {"executed_lines": [], "summary": {"covered_lines": 0, "num_statements": 17, "percent_covered": 0.0, "percent_covered_display": "0", "missing_lines": 17, "excluded_lines": 0}, "missing_lines": [31, 32, 35, 36, 37, 38, 40, 42, 45, 46, 47, 50, 58, 60, 61, 65, 66], "excluded_lines": []}, "get_demo_data": {"executed_lines": [], "summary": {"covered_lines": 0, "num_statements": 1, "percent_covered": 0.0, "percent_covered_display": "0", "missing_lines": 1, "excluded_lines": 0}, "missing_lines": [75], "excluded_lines": []}, "_format_extractions": {"executed_lines": [], "summary": {"covered_lines": 0, "num_statements": 9, "percent_covered": 0.0, "percent_covered_display": "0", "missing_lines": 9, "excluded_lines": 0}, "missing_lines": [125, 127, 128, 129, 132, 134, 145, 146, 155], "excluded_lines": []}, "": {"executed_lines": [], "summary": {"covered_lines": 0, "num_statements": 13, "percent_covered": 0.0, "percent_covered_display": "0", "missing_lines": 13, "excluded_lines": 0}, "missing_lines": [5, 6, 7, 8, 9, 11, 14, 17, 20, 21, 69, 70, 123], "excluded_lines": []}}, "classes": {"": {"executed_lines": [], "summary": {"covered_lines": 0, "num_statements": 40, "percent_covered": 0.0, "percent_covered_display": "0", "missing_lines": 40, "excluded_lines": 0}, "missing_lines": [5, 6, 7, 8, 9, 11, 14, 17, 20, 21, 31, 32, 35, 36, 37, 38, 40, 42, 45, 46, 47, 50, 58, 60, 61, 65, 66, 69, 70, 75, 123, 125, 127, 128, 129, 132, 134, 145, 146, 155], "excluded_lines": []}}}, "app/api/equipment.py": {"executed_lines": [1, 5, 6, 7, 8, 10, 11, 12, 14, 15, 17, 21, 22, 23, 24, 25, 28, 29, 30, 31, 34, 35, 36, 37, 39, 40, 41, 43, 46, 52, 54, 55, 60, 61, 62, 63, 66, 67, 68, 69, 70, 71, 72, 73, 75, 77, 78, 83, 84, 85, 86, 87, 88, 89, 90, 91, 92, 93, 94, 95, 96, 97, 98, 99, 100, 101, 106, 107, 110, 117, 122, 142, 144, 145, 147, 149, 150, 151, 153, 156, 158, 159, 160, 162, 164, 168, 169, 182, 186, 187, 193, 196, 203, 216, 217, 218, 219, 222, 224, 227, 228, 262, 263, 281, 282, 300, 301, 335, 336], "summary": {"covered_lines": 104, "num_statements": 148, "percent_covered": 70.27027027027027, "percent_covered_display": "70", "missing_lines": 44, "excluded_lines": 0}, "missing_lines": [45, 57, 80, 154, 155, 163, 242, 244, 245, 247, 248, 253, 258, 259, 268, 272, 273, 278, 287, 291, 292, 297, 312, 316, 317, 323, 324, 325, 327, 329, 330, 332, 349, 353, 354, 360, 361, 362, 363, 365, 370, 371, 372, 374], "excluded_lines": [], "functions": {"EquipmentBase.validate_pressure": {"executed_lines": [43, 46], "summary": {"covered_lines": 2, "num_statements": 3, "percent_covered": 66.66666666666667, "percent_covered_display": "67", "missing_lines": 1, "excluded_lines": 0}, "missing_lines": [45], "excluded_lines": []}, "EquipmentBase.serialize_decimal_fields": {"executed_lines": [], "summary": {"covered_lines": 0, "num_statements": 1, "percent_covered": 0.0, "percent_covered_display": "0", "missing_lines": 1, "excluded_lines": 0}, "missing_lines": [57], "excluded_lines": []}, "EquipmentUpdate.serialize_decimal_fields": {"executed_lines": [], "summary": {"covered_lines": 0, "num_statements": 1, "percent_covered": 0.0, "percent_covered_display": "0", "missing_lines": 1, "excluded_lines": 0}, "missing_lines": [80], "excluded_lines": []}, "EquipmentResponse.from_db_model": {"executed_lines": [110, 117, 122], "summary": {"covered_lines": 3, "num_statements": 3, "percent_covered": 100.0, "percent_covered_display": "100", "missing_lines": 0, "excluded_lines": 0}, "missing_lines": [], "excluded_lines": []}, "EquipmentResponse.serialize_uuid": {"executed_lines": [147], "summary": {"covered_lines": 1, "num_statements": 1, "percent_covered": 100.0, "percent_covered_display": "100", "missing_lines": 0, "excluded_lines": 0}, "missing_lines": [], "excluded_lines": []}, "EquipmentResponse.days_until_inspection": {"executed_lines": [153, 156], "summary": {"covered_lines": 2, "num_statements": 4, "percent_covered": 50.0, "percent_covered_display": "50", "missing_lines": 2, "excluded_lines": 0}, "missing_lines": [154, 155], "excluded_lines": []}, "EquipmentResponse.inspection_overdue": {"executed_lines": [162, 164], "summary": {"covered_lines": 2, "num_statements": 3, "percent_covered": 66.66666666666667, "percent_covered_display": "67", "missing_lines": 1, "excluded_lines": 0}, "missing_lines": [163], "excluded_lines": []}, "create_equipment": {"executed_lines": [182, 186, 187, 193, 196, 203, 216, 217, 218, 219, 222, 224], "summary": {"covered_lines": 12, "num_statements": 12, "percent_covered": 100.0, "percent_covered_display": "100", "missing_lines": 0, "excluded_lines": 0}, "missing_lines": [], "excluded_lines": []}, "list_equipment": {"executed_lines": [], "summary": {"covered_lines": 0, "num_statements": 8, "percent_covered": 0.0, "percent_covered_display": "0", "missing_lines": 8, "excluded_lines": 0}, "missing_lines": [242, 244, 245, 247, 248, 253, 258, 259], "excluded_lines": []}, "get_equipment": {"executed_lines": [], "summary": {"covered_lines": 0, "num_statements": 4, "percent_covered": 0.0, "percent_covered_display": "0", "missing_lines": 4, "excluded_lines": 0}, "missing_lines": [268, 272, 273, 278], "excluded_lines": []}, "get_equipment_by_tag": {"executed_lines": [], "summary": {"covered_lines": 0, "num_statements": 4, "percent_covered": 0.0, "percent_covered_display": "0", "missing_lines": 4, "excluded_lines": 0}, "missing_lines": [287, 291, 292, 297], "excluded_lines": []}, "update_equipment": {"executed_lines": [], "summary": {"covered_lines": 0, "num_statements": 10, "percent_covered": 0.0, "percent_covered_display": "0", "missing_lines": 10, "excluded_lines": 0}, "missing_lines": [312, 316, 317, 323, 324, 325, 327, 329, 330, 332], "excluded_lines": []}, "get_inspection_status": {"executed_lines": [], "summary": {"covered_lines": 0, "num_statements": 12, "percent_covered": 0.0, "percent_covered_display": "0", "missing_lines": 12, "excluded_lines": 0}, "missing_lines": [349, 353, 354, 360, 361, 362, 363, 365, 370, 371, 372, 374], "excluded_lines": []}, "": {"executed_lines": [1, 5, 6, 7, 8, 10, 11, 12, 14, 15, 17, 21, 22, 23, 24, 25, 28, 29, 30, 31, 34, 35, 36, 37, 39, 40, 41, 52, 54, 55, 60, 61, 62, 63, 66, 67, 68, 69, 70, 71, 72, 73, 75, 77, 78, 83, 84, 85, 86, 87, 88, 89, 90, 91, 92, 93, 94, 95, 96, 97, 98, 99, 100, 101, 106, 107, 142, 144, 145, 149, 150, 151, 158, 159, 160, 168, 169, 227, 228, 262, 263, 281, 282, 300, 301, 335, 336], "summary": {"covered_lines": 82, "num_statements": 82, "percent_covered": 100.0, "percent_covered_display": "100", "missing_lines": 0, "excluded_lines": 0}, "missing_lines": [], "excluded_lines": []}}, "classes": {"EquipmentBase": {"executed_lines": [43, 46], "summary": {"covered_lines": 2, "num_statements": 4, "percent_covered": 50.0, "percent_covered_display": "50", "missing_lines": 2, "excluded_lines": 0}, "missing_lines": [45, 57], "excluded_lines": []}, "EquipmentCreate": {"executed_lines": [], "summary": {"covered_lines": 0, "num_statements": 0, "percent_covered": 100.0, "percent_covered_display": "100", "missing_lines": 0, "excluded_lines": 0}, "missing_lines": [], "excluded_lines": []}, "EquipmentUpdate": {"executed_lines": [], "summary": {"covered_lines": 0, "num_statements": 1, "percent_covered": 0.0, "percent_covered_display": "0", "missing_lines": 1, "excluded_lines": 0}, "missing_lines": [80], "excluded_lines": []}, "EquipmentResponse": {"executed_lines": [110, 117, 122, 147, 153, 156, 162, 164], "summary": {"covered_lines": 8, "num_statements": 11, "percent_covered": 72.72727272727273, "percent_covered_display": "73", "missing_lines": 3, "excluded_lines": 0}, "missing_lines": [154, 155, 163], "excluded_lines": []}, "": {"executed_lines": [1, 5, 6, 7, 8, 10, 11, 12, 14, 15, 17, 21, 22, 23, 24, 25, 28, 29, 30, 31, 34, 35, 36, 37, 39, 40, 41, 52, 54, 55, 60, 61, 62, 63, 66, 67, 68, 69, 70, 71, 72, 73, 75, 77, 78, 83, 84, 85, 86, 87, 88, 89, 90, 91, 92, 93, 94, 95, 96, 97, 98, 99, 100, 101, 106, 107, 142, 144, 145, 149, 150, 151, 158, 159, 160, 168, 169, 182, 186, 187, 193, 196, 203, 216, 217, 218, 219, 222, 224, 227, 228, 262, 263, 281, 282, 300, 301, 335, 336], "summary": {"covered_lines": 94, "num_statements": 132, "percent_covered": 71.21212121212122, "percent_covered_display": "71", "missing_lines": 38, "excluded_lines": 0}, "missing_lines": [242, 244, 245, 247, 248, 253, 258, 259, 268, 272, 273, 278, 287, 291, 292, 297, 312, 316, 317, 323, 324, 325, 327, 329, 330, 332, 349, 353, 354, 360, 361, 362, 363, 365, 370, 371, 372, 374], "excluded_lines": []}}}, "app/api/inspections.py": {"executed_lines": [1, 15, 16, 17, 18, 19, 21, 22, 23, 24, 25, 27, 28, 38, 40, 47, 61, 64, 65, 66, 68, 69, 72, 73, 75, 77, 80, 96, 97, 99, 100, 102, 103, 104, 105, 114, 115, 122, 123, 130, 131, 139, 140, 151, 152, 153, 157, 158, 160, 162, 169, 175, 181, 187, 193, 199, 205, 206, 207, 209, 213, 217, 220, 222, 223, 224, 226, 231, 234, 235, 236, 240, 241, 242, 243, 249, 255, 262, 268, 272, 277, 282, 287, 288, 289, 292, 294, 295, 296, 298, 299, 301, 303, 305, 307, 308, 309, 311, 315, 316, 317, 320, 321, 323, 326, 327, 328, 332, 334, 336, 338, 339, 341, 343, 344, 346, 348, 349, 350, 351, 352, 353, 354, 357, 358, 361, 362, 363, 366, 367, 368, 369, 372, 373, 376, 377, 380, 381, 382, 386, 392, 399, 400, 401, 405, 406, 407, 408, 409, 412, 415, 416, 417, 418, 419, 422, 423, 426, 427, 428, 431, 432, 434, 436, 438, 442, 443, 447, 448, 457, 460, 461, 462, 463, 469, 470, 471, 478, 480, 481, 485, 486, 493, 498, 513, 515, 516, 519, 520, 521, 524, 529, 534, 539, 558, 559, 562, 563, 575, 578, 581, 582, 583, 585, 587, 588, 589, 591, 595, 598, 599, 602, 608, 611, 612, 613, 615, 633, 637, 744, 748, 779, 783, 789, 791, 792, 796, 797, 798, 800, 810, 814, 868, 872, 900, 903, 904, 910, 911, 914, 915, 918, 920, 921, 924, 925, 926, 930, 932, 934, 943, 944, 945, 947, 948, 949, 950, 951, 952, 953, 954, 955, 956, 958, 959, 961, 964, 968, 992, 995, 999, 1003, 1010, 1011, 1012, 1013, 1014, 1017, 1018, 1019, 1022, 1023, 1026, 1027, 1029, 1031, 1033, 1034, 1035, 1036, 1039, 1041, 1043, 1044, 1047, 1054, 1056, 1059, 1063, 1064, 1065, 1066, 1068, 1072, 1085, 1086, 1088, 1094, 1108, 1115, 1116, 1119, 1120, 1123, 1126, 1127, 1129, 1130, 1134, 1139, 1145, 1152, 1158, 1164, 1165], "summary": {"covered_lines": 318, "num_statements": 430, "percent_covered": 73.95348837209302, "percent_covered_display": "74", "missing_lines": 112, "excluded_lines": 0}, "missing_lines": [67, 107, 116, 124, 132, 141, 210, 214, 218, 227, 228, 229, 302, 304, 312, 440, 445, 450, 464, 466, 474, 475, 482, 483, 617, 618, 619, 620, 624, 625, 626, 627, 654, 655, 658, 659, 665, 666, 668, 669, 670, 676, 677, 678, 690, 691, 694, 695, 697, 698, 699, 702, 703, 704, 705, 706, 708, 710, 713, 720, 722, 735, 736, 737, 738, 762, 763, 767, 769, 771, 772, 773, 802, 803, 804, 827, 829, 830, 831, 837, 842, 843, 844, 847, 848, 852, 854, 856, 858, 859, 860, 861, 862, 916, 935, 936, 937, 1000, 1055, 1057, 1060, 1067, 1069, 1096, 1097, 1098, 1135, 1136, 1153, 1159, 1168, 1169], "excluded_lines": [], "functions": {"_calculate_confidence_level": {"executed_lines": [61, 64, 65, 66, 68, 69, 72, 73, 75, 77], "summary": {"covered_lines": 10, "num_statements": 11, "percent_covered": 90.9090909090909, "percent_covered_display": "91", "missing_lines": 1, "excluded_lines": 0}, "missing_lines": [67], "excluded_lines": []}, "_calculate_corrosion_metrics": {"executed_lines": [96, 97, 99, 100, 102, 103, 104, 105], "summary": {"covered_lines": 8, "num_statements": 9, "percent_covered": 88.88888888888889, "percent_covered_display": "89", "missing_lines": 1, "excluded_lines": 0}, "missing_lines": [107], "excluded_lines": []}, "InspectionNotFound.__init__": {"executed_lines": [], "summary": {"covered_lines": 0, "num_statements": 1, "percent_covered": 0.0, "percent_covered_display": "0", "missing_lines": 1, "excluded_lines": 0}, "missing_lines": [116], "excluded_lines": []}, "EquipmentNotFound.__init__": {"executed_lines": [], "summary": {"covered_lines": 0, "num_statements": 1, "percent_covered": 0.0, "percent_covered_display": "0", "missing_lines": 1, "excluded_lines": 0}, "missing_lines": [124], "excluded_lines": []}, "SafetyCriticalValidationError.__init__": {"executed_lines": [], "summary": {"covered_lines": 0, "num_statements": 1, "percent_covered": 0.0, "percent_covered_display": "0", "missing_lines": 1, "excluded_lines": 0}, "missing_lines": [132], "excluded_lines": []}, "InsufficientDataError.__init__": {"executed_lines": [], "summary": {"covered_lines": 0, "num_statements": 1, "percent_covered": 0.0, "percent_covered_display": "0", "missing_lines": 1, "excluded_lines": 0}, "missing_lines": [141], "excluded_lines": []}, "ThicknessReadingCreate.serialize_decimal_fields": {"executed_lines": [160], "summary": {"covered_lines": 1, "num_statements": 1, "percent_covered": 100.0, "percent_covered_display": "100", "missing_lines": 0, "excluded_lines": 0}, "missing_lines": [], "excluded_lines": []}, "ThicknessReadingCreate.validate_thickness_precision": {"executed_lines": [209, 213, 217, 220], "summary": {"covered_lines": 4, "num_statements": 7, "percent_covered": 57.142857142857146, "percent_covered_display": "57", "missing_lines": 3, "excluded_lines": 0}, "missing_lines": [210, 214, 218], "excluded_lines": []}, "ThicknessReadingCreate.validate_thickness_vs_design": {"executed_lines": [226, 231], "summary": {"covered_lines": 2, "num_statements": 5, "percent_covered": 40.0, "percent_covered_display": "40", "missing_lines": 3, "excluded_lines": 0}, "missing_lines": [227, 228, 229], "excluded_lines": []}, "InspectionRecordCreate.validate_inspection_date": {"executed_lines": [292, 294, 295, 296, 298, 299, 301, 303, 305], "summary": {"covered_lines": 9, "num_statements": 11, "percent_covered": 81.81818181818181, "percent_covered_display": "82", "missing_lines": 2, "excluded_lines": 0}, "missing_lines": [302, 304], "excluded_lines": []}, "InspectionRecordCreate.validate_thickness_readings": {"executed_lines": [311, 315, 316, 317, 320, 321, 323], "summary": {"covered_lines": 7, "num_statements": 8, "percent_covered": 87.5, "percent_covered_display": "88", "missing_lines": 1, "excluded_lines": 0}, "missing_lines": [312], "excluded_lines": []}, "InspectionRecordResponse.serialize_decimal_fields": {"executed_lines": [336], "summary": {"covered_lines": 1, "num_statements": 1, "percent_covered": 100.0, "percent_covered_display": "100", "missing_lines": 0, "excluded_lines": 0}, "missing_lines": [], "excluded_lines": []}, "InspectionRecordResponse.serialize_uuid": {"executed_lines": [341], "summary": {"covered_lines": 1, "num_statements": 1, "percent_covered": 100.0, "percent_covered_display": "100", "missing_lines": 0, "excluded_lines": 0}, "missing_lines": [], "excluded_lines": []}, "InspectionRecordResponse.serialize_datetime": {"executed_lines": [346], "summary": {"covered_lines": 1, "num_statements": 1, "percent_covered": 100.0, "percent_covered_display": "100", "missing_lines": 0, "excluded_lines": 0}, "missing_lines": [], "excluded_lines": []}, "API579CalculationResponse.serialize_decimal_fields": {"executed_lines": [], "summary": {"covered_lines": 0, "num_statements": 1, "percent_covered": 0.0, "percent_covered_display": "0", "missing_lines": 1, "excluded_lines": 0}, "missing_lines": [440], "excluded_lines": []}, "API579CalculationResponse.serialize_uuid_fields": {"executed_lines": [], "summary": {"covered_lines": 0, "num_statements": 1, "percent_covered": 0.0, "percent_covered_display": "0", "missing_lines": 1, "excluded_lines": 0}, "missing_lines": [445], "excluded_lines": []}, "API579CalculationResponse.serialize_datetime_fields": {"executed_lines": [], "summary": {"covered_lines": 0, "num_statements": 1, "percent_covered": 0.0, "percent_covered_display": "0", "missing_lines": 1, "excluded_lines": 0}, "missing_lines": [450], "excluded_lines": []}, "get_equipment_by_id_or_tag": {"executed_lines": [460, 461, 462, 463, 469, 470, 471], "summary": {"covered_lines": 7, "num_statements": 11, "percent_covered": 63.63636363636363, "percent_covered_display": "64", "missing_lines": 4, "excluded_lines": 0}, "missing_lines": [464, 466, 474, 475], "excluded_lines": []}, "valid_inspection_id": {"executed_lines": [480, 481, 485, 486], "summary": {"covered_lines": 4, "num_statements": 6, "percent_covered": 66.66666666666667, "percent_covered_display": "67", "missing_lines": 2, "excluded_lines": 0}, "missing_lines": [482, 483], "excluded_lines": []}, "create_inspection_record": {"executed_lines": [513, 515, 516, 519, 520, 521, 524, 529, 534, 539, 558, 559, 562, 563, 575, 578, 581, 582, 583, 585, 587, 588, 589, 591, 595, 598, 599, 602, 608, 611, 612, 613, 615], "summary": {"covered_lines": 33, "num_statements": 41, "percent_covered": 80.48780487804878, "percent_covered_display": "80", "missing_lines": 8, "excluded_lines": 0}, "missing_lines": [617, 618, 619, 620, 624, 625, 626, 627], "excluded_lines": []}, "add_thickness_readings": {"executed_lines": [], "summary": {"covered_lines": 0, "num_statements": 33, "percent_covered": 0.0, "percent_covered_display": "0", "missing_lines": 33, "excluded_lines": 0}, "missing_lines": [654, 655, 658, 659, 665, 666, 668, 669, 670, 676, 677, 678, 690, 691, 694, 695, 697, 698, 699, 702, 703, 704, 705, 706, 708, 710, 713, 720, 722, 735, 736, 737, 738], "excluded_lines": []}, "get_inspection_calculations": {"executed_lines": [], "summary": {"covered_lines": 0, "num_statements": 7, "percent_covered": 0.0, "percent_covered_display": "0", "missing_lines": 7, "excluded_lines": 0}, "missing_lines": [762, 763, 767, 769, 771, 772, 773], "excluded_lines": []}, "get_inspection_record": {"executed_lines": [789, 791, 792, 796, 797, 798, 800], "summary": {"covered_lines": 7, "num_statements": 10, "percent_covered": 70.0, "percent_covered_display": "70", "missing_lines": 3, "excluded_lines": 0}, "missing_lines": [802, 803, 804], "excluded_lines": []}, "get_equipment_inspections": {"executed_lines": [], "summary": {"covered_lines": 0, "num_statements": 18, "percent_covered": 0.0, "percent_covered_display": "0", "missing_lines": 18, "excluded_lines": 0}, "missing_lines": [827, 829, 830, 831, 837, 842, 843, 844, 847, 848, 852, 854, 856, 858, 859, 860, 861, 862], "excluded_lines": []}, "verify_inspection": {"executed_lines": [900, 903, 904, 910, 911, 914, 915, 918, 920, 921, 924, 925, 926, 930, 932, 934], "summary": {"covered_lines": 16, "num_statements": 20, "percent_covered": 80.0, "percent_covered_display": "80", "missing_lines": 4, "excluded_lines": 0}, "missing_lines": [916, 935, 936, 937], "excluded_lines": []}, "CorrosionAnalysisResponse.serialize_datetime_field": {"executed_lines": [961], "summary": {"covered_lines": 1, "num_statements": 1, "percent_covered": 100.0, "percent_covered_display": "100", "missing_lines": 0, "excluded_lines": 0}, "missing_lines": [], "excluded_lines": []}, "analyze_corrosion": {"executed_lines": [992, 995, 999, 1003, 1010, 1011, 1012, 1013, 1014, 1017, 1018, 1019, 1022, 1023, 1026, 1027, 1029, 1031, 1033, 1034, 1035, 1036, 1039, 1041, 1043, 1044, 1047, 1054, 1056, 1059, 1063, 1064, 1065, 1066, 1068, 1072, 1085, 1086, 1088, 1094], "summary": {"covered_lines": 40, "num_statements": 49, "percent_covered": 81.63265306122449, "percent_covered_display": "82", "missing_lines": 9, "excluded_lines": 0}, "missing_lines": [1000, 1055, 1057, 1060, 1067, 1069, 1096, 1097, 1098], "excluded_lines": []}, "trigger_api579_calculations": {"executed_lines": [1115, 1116, 1119, 1120, 1123, 1126, 1127, 1129, 1130, 1134, 1139, 1145, 1152, 1158, 1164, 1165], "summary": {"covered_lines": 16, "num_statements": 22, "percent_covered": 72.72727272727273, "percent_covered_display": "73", "missing_lines": 6, "excluded_lines": 0}, "missing_lines": [1135, 1136, 1153, 1159, 1168, 1169], "excluded_lines": []}, "": {"executed_lines": [1, 15, 16, 17, 18, 19, 21, 22, 23, 24, 25, 27, 28, 38, 40, 47, 80, 114, 115, 122, 123, 130, 131, 139, 140, 151, 152, 153, 157, 158, 162, 169, 175, 181, 187, 193, 199, 205, 206, 207, 222, 223, 224, 234, 235, 236, 240, 241, 242, 243, 249, 255, 262, 268, 272, 277, 282, 287, 288, 289, 307, 308, 309, 326, 327, 328, 332, 334, 338, 339, 343, 344, 348, 349, 350, 351, 352, 353, 354, 357, 358, 361, 362, 363, 366, 367, 368, 369, 372, 373, 376, 377, 380, 381, 382, 386, 392, 399, 400, 401, 405, 406, 407, 408, 409, 412, 415, 416, 417, 418, 419, 422, 423, 426, 427, 428, 431, 432, 434, 436, 438, 442, 443, 447, 448, 457, 478, 493, 498, 633, 637, 744, 748, 779, 783, 810, 814, 868, 872, 943, 944, 945, 947, 948, 949, 950, 951, 952, 953, 954, 955, 956, 958, 959, 964, 968, 1108], "summary": {"covered_lines": 150, "num_statements": 150, "percent_covered": 100.0, "percent_covered_display": "100", "missing_lines": 0, "excluded_lines": 0}, "missing_lines": [], "excluded_lines": []}}, "classes": {"InspectionNotFound": {"executed_lines": [], "summary": {"covered_lines": 0, "num_statements": 1, "percent_covered": 0.0, "percent_covered_display": "0", "missing_lines": 1, "excluded_lines": 0}, "missing_lines": [116], "excluded_lines": []}, "EquipmentNotFound": {"executed_lines": [], "summary": {"covered_lines": 0, "num_statements": 1, "percent_covered": 0.0, "percent_covered_display": "0", "missing_lines": 1, "excluded_lines": 0}, "missing_lines": [124], "excluded_lines": []}, "SafetyCriticalValidationError": {"executed_lines": [], "summary": {"covered_lines": 0, "num_statements": 1, "percent_covered": 0.0, "percent_covered_display": "0", "missing_lines": 1, "excluded_lines": 0}, "missing_lines": [132], "excluded_lines": []}, "InsufficientDataError": {"executed_lines": [], "summary": {"covered_lines": 0, "num_statements": 1, "percent_covered": 0.0, "percent_covered_display": "0", "missing_lines": 1, "excluded_lines": 0}, "missing_lines": [141], "excluded_lines": []}, "ThicknessReadingCreate": {"executed_lines": [160, 209, 213, 217, 220, 226, 231], "summary": {"covered_lines": 7, "num_statements": 13, "percent_covered": 53.84615384615385, "percent_covered_display": "54", "missing_lines": 6, "excluded_lines": 0}, "missing_lines": [210, 214, 218, 227, 228, 229], "excluded_lines": []}, "InspectionRecordCreate": {"executed_lines": [292, 294, 295, 296, 298, 299, 301, 303, 305, 311, 315, 316, 317, 320, 321, 323], "summary": {"covered_lines": 16, "num_statements": 19, "percent_covered": 84.21052631578948, "percent_covered_display": "84", "missing_lines": 3, "excluded_lines": 0}, "missing_lines": [302, 304, 312], "excluded_lines": []}, "InspectionRecordResponse": {"executed_lines": [336, 341, 346], "summary": {"covered_lines": 3, "num_statements": 3, "percent_covered": 100.0, "percent_covered_display": "100", "missing_lines": 0, "excluded_lines": 0}, "missing_lines": [], "excluded_lines": []}, "ThicknessReadingBulkCreate": {"executed_lines": [], "summary": {"covered_lines": 0, "num_statements": 0, "percent_covered": 100.0, "percent_covered_display": "100", "missing_lines": 0, "excluded_lines": 0}, "missing_lines": [], "excluded_lines": []}, "API579CalculationResponse": {"executed_lines": [], "summary": {"covered_lines": 0, "num_statements": 3, "percent_covered": 0.0, "percent_covered_display": "0", "missing_lines": 3, "excluded_lines": 0}, "missing_lines": [440, 445, 450], "excluded_lines": []}, "CorrosionAnalysisResponse": {"executed_lines": [961], "summary": {"covered_lines": 1, "num_statements": 1, "percent_covered": 100.0, "percent_covered_display": "100", "missing_lines": 0, "excluded_lines": 0}, "missing_lines": [], "excluded_lines": []}, "": {"executed_lines": [1, 15, 16, 17, 18, 19, 21, 22, 23, 24, 25, 27, 28, 38, 40, 47, 61, 64, 65, 66, 68, 69, 72, 73, 75, 77, 80, 96, 97, 99, 100, 102, 103, 104, 105, 114, 115, 122, 123, 130, 131, 139, 140, 151, 152, 153, 157, 158, 162, 169, 175, 181, 187, 193, 199, 205, 206, 207, 222, 223, 224, 234, 235, 236, 240, 241, 242, 243, 249, 255, 262, 268, 272, 277, 282, 287, 288, 289, 307, 308, 309, 326, 327, 328, 332, 334, 338, 339, 343, 344, 348, 349, 350, 351, 352, 353, 354, 357, 358, 361, 362, 363, 366, 367, 368, 369, 372, 373, 376, 377, 380, 381, 382, 386, 392, 399, 400, 401, 405, 406, 407, 408, 409, 412, 415, 416, 417, 418, 419, 422, 423, 426, 427, 428, 431, 432, 434, 436, 438, 442, 443, 447, 448, 457, 460, 461, 462, 463, 469, 470, 471, 478, 480, 481, 485, 486, 493, 498, 513, 515, 516, 519, 520, 521, 524, 529, 534, 539, 558, 559, 562, 563, 575, 578, 581, 582, 583, 585, 587, 588, 589, 591, 595, 598, 599, 602, 608, 611, 612, 613, 615, 633, 637, 744, 748, 779, 783, 789, 791, 792, 796, 797, 798, 800, 810, 814, 868, 872, 900, 903, 904, 910, 911, 914, 915, 918, 920, 921, 924, 925, 926, 930, 932, 934, 943, 944, 945, 947, 948, 949, 950, 951, 952, 953, 954, 955, 956, 958, 959, 964, 968, 992, 995, 999, 1003, 1010, 1011, 1012, 1013, 1014, 1017, 1018, 1019, 1022, 1023, 1026, 1027, 1029, 1031, 1033, 1034, 1035, 1036, 1039, 1041, 1043, 1044, 1047, 1054, 1056, 1059, 1063, 1064, 1065, 1066, 1068, 1072, 1085, 1086, 1088, 1094, 1108, 1115, 1116, 1119, 1120, 1123, 1126, 1127, 1129, 1130, 1134, 1139, 1145, 1152, 1158, 1164, 1165], "summary": {"covered_lines": 291, "num_statements": 387, "percent_covered": 75.1937984496124, "percent_covered_display": "75", "missing_lines": 96, "excluded_lines": 0}, "missing_lines": [67, 107, 464, 466, 474, 475, 482, 483, 617, 618, 619, 620, 624, 625, 626, 627, 654, 655, 658, 659, 665, 666, 668, 669, 670, 676, 677, 678, 690, 691, 694, 695, 697, 698, 699, 702, 703, 704, 705, 706, 708, 710, 713, 720, 722, 735, 736, 737, 738, 762, 763, 767, 769, 771, 772, 773, 802, 803, 804, 827, 829, 830, 831, 837, 842, 843, 844, 847, 848, 852, 854, 856, 858, 859, 860, 861, 862, 916, 935, 936, 937, 1000, 1055, 1057, 1060, 1067, 1069, 1096, 1097, 1098, 1135, 1136, 1153, 1159, 1168, 1169], "excluded_lines": []}}}, "app/api/rbi.py": {"executed_lines": [1, 6, 7, 8, 10, 11, 12, 14, 15, 19, 22, 24, 28, 30, 33, 34, 70, 76, 78, 84, 91, 94, 102, 110, 158, 159], "summary": {"covered_lines": 25, "num_statements": 46, "percent_covered": 54.34782608695652, "percent_covered_display": "54", "missing_lines": 21, "excluded_lines": 0}, "missing_lines": [79, 85, 112, 114, 115, 117, 118, 119, 124, 128, 129, 134, 139, 141, 142, 143, 148, 150, 151, 152, 166], "excluded_lines": [], "functions": {"get_rbi_service": {"executed_lines": [30], "summary": {"covered_lines": 1, "num_statements": 1, "percent_covered": 100.0, "percent_covered_display": "100", "missing_lines": 0, "excluded_lines": 0}, "missing_lines": [], "excluded_lines": []}, "calculate_inspection_interval": {"executed_lines": [70, 76, 78, 84, 91, 94, 102, 110], "summary": {"covered_lines": 8, "num_statements": 28, "percent_covered": 28.571428571428573, "percent_covered_display": "29", "missing_lines": 20, "excluded_lines": 0}, "missing_lines": [79, 85, 112, 114, 115, 117, 118, 119, 124, 128, 129, 134, 139, 141, 142, 143, 148, 150, 151, 152], "excluded_lines": []}, "rbi_health_check": {"executed_lines": [], "summary": {"covered_lines": 0, "num_statements": 1, "percent_covered": 0.0, "percent_covered_display": "0", "missing_lines": 1, "excluded_lines": 0}, "missing_lines": [166], "excluded_lines": []}, "": {"executed_lines": [1, 6, 7, 8, 10, 11, 12, 14, 15, 19, 22, 24, 28, 33, 34, 158, 159], "summary": {"covered_lines": 16, "num_statements": 16, "percent_covered": 100.0, "percent_covered_display": "100", "missing_lines": 0, "excluded_lines": 0}, "missing_lines": [], "excluded_lines": []}}, "classes": {"": {"executed_lines": [1, 6, 7, 8, 10, 11, 12, 14, 15, 19, 22, 24, 28, 30, 33, 34, 70, 76, 78, 84, 91, 94, 102, 110, 158, 159], "summary": {"covered_lines": 25, "num_statements": 46, "percent_covered": 54.34782608695652, "percent_covered_display": "54", "missing_lines": 21, "excluded_lines": 0}, "missing_lines": [79, 85, 112, 114, 115, 117, 118, 119, 124, 128, 129, 134, 139, 141, 142, 143, 148, 150, 151, 152, 166], "excluded_lines": []}}}, "app/calculations/__init__.py": {"executed_lines": [1, 10, 13, 15, 16, 17, 19], "summary": {"covered_lines": 6, "num_statements": 6, "percent_covered": 100.0, "percent_covered_display": "100", "missing_lines": 0, "excluded_lines": 0}, "missing_lines": [], "excluded_lines": [], "functions": {"": {"executed_lines": [1, 10, 13, 15, 16, 17, 19], "summary": {"covered_lines": 6, "num_statements": 6, "percent_covered": 100.0, "percent_covered_display": "100", "missing_lines": 0, "excluded_lines": 0}, "missing_lines": [], "excluded_lines": []}}, "classes": {"": {"executed_lines": [1, 10, 13, 15, 16, 17, 19], "summary": {"covered_lines": 6, "num_statements": 6, "percent_covered": 100.0, "percent_covered_display": "100", "missing_lines": 0, "excluded_lines": 0}, "missing_lines": [], "excluded_lines": []}}}, "app/calculations/constants.py": {"executed_lines": [1, 13, 14, 15, 18, 19, 20, 21, 22, 23, 26, 27, 28, 29, 30, 31, 32, 33, 34, 35, 36, 37, 40, 41, 46, 70, 81, 92, 111, 124, 148, 167, 187, 198, 217, 218, 224, 225, 227, 228, 242, 243, 246, 249, 251, 252, 272, 273, 275, 277, 278, 280, 282, 285, 287], "summary": {"covered_lines": 51, "num_statements": 58, "percent_covered": 87.93103448275862, "percent_covered_display": "88", "missing_lines": 7, "excluded_lines": 0}, "missing_lines": [263, 264, 267, 268, 270, 281, 283], "excluded_lines": [], "functions": {"API579Constants.get_thickness_limit": {"executed_lines": [224, 225], "summary": {"covered_lines": 2, "num_statements": 2, "percent_covered": 100.0, "percent_covered_display": "100", "missing_lines": 0, "excluded_lines": 0}, "missing_lines": [], "excluded_lines": []}, "API579Constants.get_maximum_inspection_interval": {"executed_lines": [242, 243, 246, 249], "summary": {"covered_lines": 4, "num_statements": 4, "percent_covered": 100.0, "percent_covered_display": "100", "missing_lines": 0, "excluded_lines": 0}, "missing_lines": [], "excluded_lines": []}, "API579Constants.get_corrosion_rate_range": {"executed_lines": [], "summary": {"covered_lines": 0, "num_statements": 5, "percent_covered": 0.0, "percent_covered_display": "0", "missing_lines": 5, "excluded_lines": 0}, "missing_lines": [263, 264, 267, 268, 270], "excluded_lines": []}, "API579Constants.is_high_pressure": {"executed_lines": [275], "summary": {"covered_lines": 1, "num_statements": 1, "percent_covered": 100.0, "percent_covered_display": "100", "missing_lines": 0, "excluded_lines": 0}, "missing_lines": [], "excluded_lines": []}, "API579Constants.is_creep_range": {"executed_lines": [280, 282, 285, 287], "summary": {"covered_lines": 4, "num_statements": 6, "percent_covered": 66.66666666666667, "percent_covered_display": "67", "missing_lines": 2, "excluded_lines": 0}, "missing_lines": [281, 283], "excluded_lines": []}, "": {"executed_lines": [1, 13, 14, 15, 18, 19, 20, 21, 22, 23, 26, 27, 28, 29, 30, 31, 32, 33, 34, 35, 36, 37, 40, 41, 46, 70, 81, 92, 111, 124, 148, 167, 187, 198, 217, 218, 227, 228, 251, 252, 272, 273, 277, 278], "summary": {"covered_lines": 40, "num_statements": 40, "percent_covered": 100.0, "percent_covered_display": "100", "missing_lines": 0, "excluded_lines": 0}, "missing_lines": [], "excluded_lines": []}}, "classes": {"EquipmentType": {"executed_lines": [], "summary": {"covered_lines": 0, "num_statements": 0, "percent_covered": 100.0, "percent_covered_display": "100", "missing_lines": 0, "excluded_lines": 0}, "missing_lines": [], "excluded_lines": []}, "DamageType": {"executed_lines": [], "summary": {"covered_lines": 0, "num_statements": 0, "percent_covered": 100.0, "percent_covered_display": "100", "missing_lines": 0, "excluded_lines": 0}, "missing_lines": [], "excluded_lines": []}, "API579Constants": {"executed_lines": [224, 225, 242, 243, 246, 249, 275, 280, 282, 285, 287], "summary": {"covered_lines": 11, "num_statements": 18, "percent_covered": 61.111111111111114, "percent_covered_display": "61", "missing_lines": 7, "excluded_lines": 0}, "missing_lines": [263, 264, 267, 268, 270, 281, 283], "excluded_lines": []}, "": {"executed_lines": [1, 13, 14, 15, 18, 19, 20, 21, 22, 23, 26, 27, 28, 29, 30, 31, 32, 33, 34, 35, 36, 37, 40, 41, 46, 70, 81, 92, 111, 124, 148, 167, 187, 198, 217, 218, 227, 228, 251, 252, 272, 273, 277, 278], "summary": {"covered_lines": 40, "num_statements": 40, "percent_covered": 100.0, "percent_covered_display": "100", "missing_lines": 0, "excluded_lines": 0}, "missing_lines": [], "excluded_lines": []}}}, "app/calculations/dual_path_calculator.py": {"executed_lines": [1, 16, 17, 18, 19, 20, 22, 24, 27, 28, 29, 30, 31, 32, 33, 35, 36, 38, 45, 46, 47, 48, 49, 50, 51, 52, 53, 54, 55, 56, 58, 60, 61, 65, 66, 71, 72, 80, 81, 82, 84, 91, 92, 94, 119, 120, 121, 122, 125, 126, 127, 128, 129, 130, 131, 132, 136, 138, 139, 144, 149, 152, 153, 160, 165, 173, 174, 182, 183, 193, 206, 228, 229, 230, 231, 234, 235, 236, 238, 240, 241, 244, 245, 246, 253, 254, 256, 257, 263, 266, 267, 268, 269, 275, 278, 279, 281, 283, 284, 285, 288, 296, 297, 303, 310, 323, 346, 347, 348, 349, 352, 358, 359, 361, 368, 370, 373, 374, 375, 377, 380, 387, 388, 389, 396, 404, 412, 413, 414, 419, 432, 457, 458, 459, 460, 463, 465, 473, 474, 476, 480, 482, 483, 490, 493, 501, 502, 507, 514, 527, 540, 543, 544, 546, 548, 551, 552, 553, 558, 559, 561, 564, 567, 570, 572, 581, 584, 585, 589, 590, 591, 593, 595, 597, 598, 599, 602, 603, 604, 605, 606, 609, 610, 611, 612, 615, 618, 620, 633, 634, 636, 638, 639, 643, 645, 646, 648], "summary": {"covered_lines": 193, "num_statements": 213, "percent_covered": 90.61032863849765, "percent_covered_display": "91", "missing_lines": 20, "excluded_lines": 0}, "missing_lines": [63, 68, 154, 189, 190, 191, 237, 239, 270, 271, 371, 372, 466, 486, 487, 562, 568, 582, 616, 640], "excluded_lines": [], "functions": {"CalculationDiscrepancyError.__init__": {"executed_lines": [30, 31, 32, 33, 35, 36, 38], "summary": {"covered_lines": 7, "num_statements": 7, "percent_covered": 100.0, "percent_covered_display": "100", "missing_lines": 0, "excluded_lines": 0}, "missing_lines": [], "excluded_lines": []}, "VerifiedResult.serialize_decimal_fields": {"executed_lines": [], "summary": {"covered_lines": 0, "num_statements": 1, "percent_covered": 0.0, "percent_covered_display": "0", "missing_lines": 1, "excluded_lines": 0}, "missing_lines": [63], "excluded_lines": []}, "VerifiedResult.serialize_datetime": {"executed_lines": [], "summary": {"covered_lines": 0, "num_statements": 1, "percent_covered": 0.0, "percent_covered_display": "0", "missing_lines": 1, "excluded_lines": 0}, "missing_lines": [68], "excluded_lines": []}, "API579Calculator.__init__": {"executed_lines": [91, 92], "summary": {"covered_lines": 2, "num_statements": 2, "percent_covered": 100.0, "percent_covered_display": "100", "missing_lines": 0, "excluded_lines": 0}, "missing_lines": [], "excluded_lines": []}, "API579Calculator.calculate_minimum_required_thickness": {"executed_lines": [119, 120, 121, 122, 125, 126, 127, 128, 129, 130, 131, 132, 136, 138, 139, 144, 149, 152, 153, 160, 165, 173, 174, 182, 183, 193], "summary": {"covered_lines": 26, "num_statements": 30, "percent_covered": 86.66666666666667, "percent_covered_display": "87", "missing_lines": 4, "excluded_lines": 0}, "missing_lines": [154, 189, 190, 191], "excluded_lines": []}, "API579Calculator.calculate_remaining_strength_factor": {"executed_lines": [228, 229, 230, 231, 234, 235, 236, 238, 240, 241, 244, 245, 246, 253, 254, 256, 257, 263, 266, 267, 268, 269, 275, 278, 279, 281, 283, 284, 285, 288, 296, 297, 303, 310], "summary": {"covered_lines": 34, "num_statements": 38, "percent_covered": 89.47368421052632, "percent_covered_display": "89", "missing_lines": 4, "excluded_lines": 0}, "missing_lines": [237, 239, 270, 271], "excluded_lines": []}, "API579Calculator.calculate_remaining_life": {"executed_lines": [346, 347, 348, 349, 352, 358, 359, 361, 368, 370, 373, 374, 375, 377, 380, 387, 388, 389, 396, 404, 412, 413, 414, 419], "summary": {"covered_lines": 24, "num_statements": 26, "percent_covered": 92.3076923076923, "percent_covered_display": "92", "missing_lines": 2, "excluded_lines": 0}, "missing_lines": [371, 372], "excluded_lines": []}, "API579Calculator.calculate_mawp": {"executed_lines": [457, 458, 459, 460, 463, 465, 473, 474, 476, 480, 482, 483, 490, 493, 501, 502, 507, 514], "summary": {"covered_lines": 18, "num_statements": 21, "percent_covered": 85.71428571428571, "percent_covered_display": "86", "missing_lines": 3, "excluded_lines": 0}, "missing_lines": [466, 486, 487], "excluded_lines": []}, "API579Calculator._calculate_thickness_iterative": {"executed_lines": [540, 543, 544, 546, 548, 551, 552, 553, 558, 559, 561, 564, 567, 570], "summary": {"covered_lines": 14, "num_statements": 16, "percent_covered": 87.5, "percent_covered_display": "88", "missing_lines": 2, "excluded_lines": 0}, "missing_lines": [562, 568], "excluded_lines": []}, "API579Calculator._calculate_remaining_life_iterative": {"executed_lines": [581, 584, 585, 589, 590, 591, 593, 595, 597, 598, 599, 602, 603, 604, 605, 606, 609, 610, 611, 612, 615, 618], "summary": {"covered_lines": 22, "num_statements": 24, "percent_covered": 91.66666666666667, "percent_covered_display": "92", "missing_lines": 2, "excluded_lines": 0}, "missing_lines": [582, 616], "excluded_lines": []}, "API579Calculator._verify_calculations": {"executed_lines": [633, 634, 636, 638, 639, 643, 645, 646, 648], "summary": {"covered_lines": 9, "num_statements": 10, "percent_covered": 90.0, "percent_covered_display": "90", "missing_lines": 1, "excluded_lines": 0}, "missing_lines": [640], "excluded_lines": []}, "": {"executed_lines": [1, 16, 17, 18, 19, 20, 22, 24, 27, 28, 29, 45, 46, 47, 48, 49, 50, 51, 52, 53, 54, 55, 56, 58, 60, 61, 65, 66, 71, 72, 80, 81, 82, 84, 94, 206, 323, 432, 527, 572, 620], "summary": {"covered_lines": 37, "num_statements": 37, "percent_covered": 100.0, "percent_covered_display": "100", "missing_lines": 0, "excluded_lines": 0}, "missing_lines": [], "excluded_lines": []}}, "classes": {"CalculationDiscrepancyError": {"executed_lines": [30, 31, 32, 33, 35, 36, 38], "summary": {"covered_lines": 7, "num_statements": 7, "percent_covered": 100.0, "percent_covered_display": "100", "missing_lines": 0, "excluded_lines": 0}, "missing_lines": [], "excluded_lines": []}, "VerifiedResult": {"executed_lines": [], "summary": {"covered_lines": 0, "num_statements": 2, "percent_covered": 0.0, "percent_covered_display": "0", "missing_lines": 2, "excluded_lines": 0}, "missing_lines": [63, 68], "excluded_lines": []}, "API579Calculator": {"executed_lines": [91, 92, 119, 120, 121, 122, 125, 126, 127, 128, 129, 130, 131, 132, 136, 138, 139, 144, 149, 152, 153, 160, 165, 173, 174, 182, 183, 193, 228, 229, 230, 231, 234, 235, 236, 238, 240, 241, 244, 245, 246, 253, 254, 256, 257, 263, 266, 267, 268, 269, 275, 278, 279, 281, 283, 284, 285, 288, 296, 297, 303, 310, 346, 347, 348, 349, 352, 358, 359, 361, 368, 370, 373, 374, 375, 377, 380, 387, 388, 389, 396, 404, 412, 413, 414, 419, 457, 458, 459, 460, 463, 465, 473, 474, 476, 480, 482, 483, 490, 493, 501, 502, 507, 514, 540, 543, 544, 546, 548, 551, 552, 553, 558, 559, 561, 564, 567, 570, 581, 584, 585, 589, 590, 591, 593, 595, 597, 598, 599, 602, 603, 604, 605, 606, 609, 610, 611, 612, 615, 618, 633, 634, 636, 638, 639, 643, 645, 646, 648], "summary": {"covered_lines": 149, "num_statements": 167, "percent_covered": 89.22155688622755, "percent_covered_display": "89", "missing_lines": 18, "excluded_lines": 0}, "missing_lines": [154, 189, 190, 191, 237, 239, 270, 271, 371, 372, 466, 486, 487, 562, 568, 582, 616, 640], "excluded_lines": []}, "": {"executed_lines": [1, 16, 17, 18, 19, 20, 22, 24, 27, 28, 29, 45, 46, 47, 48, 49, 50, 51, 52, 53, 54, 55, 56, 58, 60, 61, 65, 66, 71, 72, 80, 81, 82, 84, 94, 206, 323, 432, 527, 572, 620], "summary": {"covered_lines": 37, "num_statements": 37, "percent_covered": 100.0, "percent_covered_display": "100", "missing_lines": 0, "excluded_lines": 0}, "missing_lines": [], "excluded_lines": []}}}, "app/calculations/verification.py": {"executed_lines": [1, 7, 8, 9, 11, 13, 16, 17, 22, 23, 25, 39, 40, 43, 44, 46, 53, 60, 68, 69, 74, 76, 89, 90, 91, 94, 99, 101, 109, 110, 111, 113, 114, 115, 117, 118, 120, 122, 135, 136, 139, 140, 141, 143, 144, 149, 152, 153, 158, 163, 165, 171, 173, 187, 194, 195, 196, 197, 200, 201, 209, 210, 211, 214, 215, 220, 227, 228, 235, 237, 251, 254, 261, 263, 264, 269, 271, 272, 278, 279, 284], "summary": {"covered_lines": 79, "num_statements": 94, "percent_covered": 84.04255319148936, "percent_covered_display": "84", "missing_lines": 15, "excluded_lines": 0}, "missing_lines": [47, 51, 54, 61, 62, 95, 96, 102, 106, 159, 160, 166, 202, 206, 221], "excluded_lines": [], "functions": {"CalculationVerifier.__init__": {"executed_lines": [23], "summary": {"covered_lines": 1, "num_statements": 1, "percent_covered": 100.0, "percent_covered_display": "100", "missing_lines": 0, "excluded_lines": 0}, "missing_lines": [], "excluded_lines": []}, "CalculationVerifier.verify_thickness_calculation": {"executed_lines": [39, 40, 43, 44, 46, 53, 60, 68, 69, 74], "summary": {"covered_lines": 10, "num_statements": 15, "percent_covered": 66.66666666666667, "percent_covered_display": "67", "missing_lines": 5, "excluded_lines": 0}, "missing_lines": [47, 51, 54, 61, 62], "excluded_lines": []}, "CalculationVerifier.verify_rsf_calculation": {"executed_lines": [89, 90, 91, 94, 99, 101, 109, 110, 111, 113, 114, 115, 117, 118, 120], "summary": {"covered_lines": 15, "num_statements": 19, "percent_covered": 78.94736842105263, "percent_covered_display": "79", "missing_lines": 4, "excluded_lines": 0}, "missing_lines": [95, 96, 102, 106], "excluded_lines": []}, "CalculationVerifier.verify_remaining_life": {"executed_lines": [135, 136, 139, 140, 141, 143, 144, 149, 152, 153, 158, 163, 165, 171], "summary": {"covered_lines": 14, "num_statements": 17, "percent_covered": 82.3529411764706, "percent_covered_display": "82", "missing_lines": 3, "excluded_lines": 0}, "missing_lines": [159, 160, 166], "excluded_lines": []}, "CalculationVerifier.cross_check_calculations": {"executed_lines": [187, 194, 195, 196, 197, 200, 201, 209, 210, 211, 214, 215, 220, 227, 228, 235], "summary": {"covered_lines": 16, "num_statements": 19, "percent_covered": 84.21052631578948, "percent_covered_display": "84", "missing_lines": 3, "excluded_lines": 0}, "missing_lines": [202, 206, 221], "excluded_lines": []}, "CalculationVerifier.validate_inspection_interval": {"executed_lines": [251, 254, 261, 263, 264, 269, 271, 272, 278, 279, 284], "summary": {"covered_lines": 11, "num_statements": 11, "percent_covered": 100.0, "percent_covered_display": "100", "missing_lines": 0, "excluded_lines": 0}, "missing_lines": [], "excluded_lines": []}, "": {"executed_lines": [1, 7, 8, 9, 11, 13, 16, 17, 22, 25, 76, 122, 173, 237], "summary": {"covered_lines": 12, "num_statements": 12, "percent_covered": 100.0, "percent_covered_display": "100", "missing_lines": 0, "excluded_lines": 0}, "missing_lines": [], "excluded_lines": []}}, "classes": {"CalculationVerifier": {"executed_lines": [23, 39, 40, 43, 44, 46, 53, 60, 68, 69, 74, 89, 90, 91, 94, 99, 101, 109, 110, 111, 113, 114, 115, 117, 118, 120, 135, 136, 139, 140, 141, 143, 144, 149, 152, 153, 158, 163, 165, 171, 187, 194, 195, 196, 197, 200, 201, 209, 210, 211, 214, 215, 220, 227, 228, 235, 251, 254, 261, 263, 264, 269, 271, 272, 278, 279, 284], "summary": {"covered_lines": 67, "num_statements": 82, "percent_covered": 81.70731707317073, "percent_covered_display": "82", "missing_lines": 15, "excluded_lines": 0}, "missing_lines": [47, 51, 54, 61, 62, 95, 96, 102, 106, 159, 160, 166, 202, 206, 221], "excluded_lines": []}, "": {"executed_lines": [1, 7, 8, 9, 11, 13, 16, 17, 22, 25, 76, 122, 173, 237], "summary": {"covered_lines": 12, "num_statements": 12, "percent_covered": 100.0, "percent_covered_display": "100", "missing_lines": 0, "excluded_lines": 0}, "missing_lines": [], "excluded_lines": []}}}, "app/main.py": {"executed_lines": [1, 5, 6, 7, 8, 9, 10, 12, 13, 16, 17, 20, 24, 27, 28, 34, 37, 38, 39, 40, 41, 42, 43, 44, 45, 46, 47, 50, 53, 57, 60, 61, 64, 65, 66, 69, 70, 78, 79, 91, 95, 97, 100, 104, 128, 138, 139, 141, 142, 143, 144, 147, 153, 157, 158, 171, 172, 189, 190, 195, 198, 204, 206, 217, 223, 229, 235, 241, 247, 256], "summary": {"covered_lines": 69, "num_statements": 88, "percent_covered": 78.4090909090909, "percent_covered_display": "78", "missing_lines": 19, "excluded_lines": 0}, "missing_lines": [54, 55, 71, 72, 74, 75, 80, 81, 84, 87, 88, 89, 92, 148, 160, 161, 174, 257, 259], "excluded_lines": [], "functions": {"lifespan": {"executed_lines": [34, 37, 38, 39, 40, 41, 42, 43, 44, 45, 46, 47, 50, 53, 57, 60, 61, 64, 65, 66, 69, 70, 78, 79, 91, 95, 97, 100], "summary": {"covered_lines": 28, "num_statements": 41, "percent_covered": 68.29268292682927, "percent_covered_display": "68", "missing_lines": 13, "excluded_lines": 0}, "missing_lines": [54, 55, 71, 72, 74, 75, 80, 81, 84, 87, 88, 89, 92], "excluded_lines": []}, "add_process_time_header": {"executed_lines": [141, 142, 143, 144, 147, 153], "summary": {"covered_lines": 6, "num_statements": 7, "percent_covered": 85.71428571428571, "percent_covered_display": "86", "missing_lines": 1, "excluded_lines": 0}, "missing_lines": [148], "excluded_lines": []}, "value_error_handler": {"executed_lines": [], "summary": {"covered_lines": 0, "num_statements": 2, "percent_covered": 0.0, "percent_covered_display": "0", "missing_lines": 2, "excluded_lines": 0}, "missing_lines": [160, 161], "excluded_lines": []}, "root": {"executed_lines": [], "summary": {"covered_lines": 0, "num_statements": 1, "percent_covered": 0.0, "percent_covered_display": "0", "missing_lines": 1, "excluded_lines": 0}, "missing_lines": [174], "excluded_lines": []}, "health_check": {"executed_lines": [195, 198, 204, 206], "summary": {"covered_lines": 4, "num_statements": 4, "percent_covered": 100.0, "percent_covered_display": "100", "missing_lines": 0, "excluded_lines": 0}, "missing_lines": [], "excluded_lines": []}, "": {"executed_lines": [1, 5, 6, 7, 8, 9, 10, 12, 13, 16, 17, 20, 24, 27, 28, 104, 128, 138, 139, 157, 158, 171, 172, 189, 190, 217, 223, 229, 235, 241, 247, 256], "summary": {"covered_lines": 31, "num_statements": 33, "percent_covered": 93.93939393939394, "percent_covered_display": "94", "missing_lines": 2, "excluded_lines": 0}, "missing_lines": [257, 259], "excluded_lines": []}}, "classes": {"": {"executed_lines": [1, 5, 6, 7, 8, 9, 10, 12, 13, 16, 17, 20, 24, 27, 28, 34, 37, 38, 39, 40, 41, 42, 43, 44, 45, 46, 47, 50, 53, 57, 60, 61, 64, 65, 66, 69, 70, 78, 79, 91, 95, 97, 100, 104, 128, 138, 139, 141, 142, 143, 144, 147, 153, 157, 158, 171, 172, 189, 190, 195, 198, 204, 206, 217, 223, 229, 235, 241, 247, 256], "summary": {"covered_lines": 69, "num_statements": 88, "percent_covered": 78.4090909090909, "percent_covered_display": "78", "missing_lines": 19, "excluded_lines": 0}, "missing_lines": [54, 55, 71, 72, 74, 75, 80, 81, 84, 87, 88, 89, 92, 148, 160, 161, 174, 257, 259], "excluded_lines": []}}}, "app/schemas/__init__.py": {"executed_lines": [0], "summary": {"covered_lines": 0, "num_statements": 0, "percent_covered": 100.0, "percent_covered_display": "100", "missing_lines": 0, "excluded_lines": 0}, "missing_lines": [], "excluded_lines": [], "functions": {"": {"executed_lines": [], "summary": {"covered_lines": 0, "num_statements": 0, "percent_covered": 100.0, "percent_covered_display": "100", "missing_lines": 0, "excluded_lines": 0}, "missing_lines": [], "excluded_lines": []}}, "classes": {"": {"executed_lines": [], "summary": {"covered_lines": 0, "num_statements": 0, "percent_covered": 100.0, "percent_covered_display": "100", "missing_lines": 0, "excluded_lines": 0}, "missing_lines": [], "excluded_lines": []}}}, "app/schemas/analysis.py": {"executed_lines": [1, 6, 7, 8, 10, 13, 14, 16, 22, 29, 34, 40, 47, 52, 53, 54, 56, 60, 63, 66, 67, 69, 71, 72, 73, 80, 85, 90, 94, 100, 101, 102, 104, 106, 109, 110, 112, 117, 122, 128, 134, 139, 146, 155, 156, 158, 165, 172, 179, 184, 191, 198, 206, 211, 212, 213, 215, 217, 220, 221, 223, 228, 229, 231, 236, 241, 246, 251, 256, 261, 262, 263, 265, 267], "summary": {"covered_lines": 68, "num_statements": 73, "percent_covered": 93.15068493150685, "percent_covered_display": "93", "missing_lines": 5, "excluded_lines": 0}, "missing_lines": [57, 61, 105, 216, 266], "excluded_lines": [], "functions": {"CorrosionRateRequest.validate_equipment_id": {"executed_lines": [56, 60, 63], "summary": {"covered_lines": 3, "num_statements": 5, "percent_covered": 60.0, "percent_covered_display": "60", "missing_lines": 2, "excluded_lines": 0}, "missing_lines": [57, 61], "excluded_lines": []}, "CMLCorrosionRate.validate_corrosion_rate": {"executed_lines": [104, 106], "summary": {"covered_lines": 2, "num_statements": 3, "percent_covered": 66.66666666666667, "percent_covered_display": "67", "missing_lines": 1, "excluded_lines": 0}, "missing_lines": [105], "excluded_lines": []}, "RemainingLifeProjection.validate_remaining_life": {"executed_lines": [215, 217], "summary": {"covered_lines": 2, "num_statements": 3, "percent_covered": 66.66666666666667, "percent_covered_display": "67", "missing_lines": 1, "excluded_lines": 0}, "missing_lines": [216], "excluded_lines": []}, "CorrosionRateResponse.validate_non_empty_rates": {"executed_lines": [265, 267], "summary": {"covered_lines": 2, "num_statements": 3, "percent_covered": 66.66666666666667, "percent_covered_display": "67", "missing_lines": 1, "excluded_lines": 0}, "missing_lines": [266], "excluded_lines": []}, "": {"executed_lines": [1, 6, 7, 8, 10, 13, 14, 16, 22, 29, 34, 40, 47, 52, 53, 54, 66, 67, 69, 71, 72, 73, 80, 85, 90, 94, 100, 101, 102, 109, 110, 112, 117, 122, 128, 134, 139, 146, 155, 156, 158, 165, 172, 179, 184, 191, 198, 206, 211, 212, 213, 220, 221, 223, 228, 229, 231, 236, 241, 246, 251, 256, 261, 262, 263], "summary": {"covered_lines": 59, "num_statements": 59, "percent_covered": 100.0, "percent_covered_display": "100", "missing_lines": 0, "excluded_lines": 0}, "missing_lines": [], "excluded_lines": []}}, "classes": {"CorrosionRateRequest": {"executed_lines": [56, 60, 63], "summary": {"covered_lines": 3, "num_statements": 5, "percent_covered": 60.0, "percent_covered_display": "60", "missing_lines": 2, "excluded_lines": 0}, "missing_lines": [57, 61], "excluded_lines": []}, "CMLCorrosionRate": {"executed_lines": [104, 106], "summary": {"covered_lines": 2, "num_statements": 3, "percent_covered": 66.66666666666667, "percent_covered_display": "67", "missing_lines": 1, "excluded_lines": 0}, "missing_lines": [105], "excluded_lines": []}, "TrendAnalysis": {"executed_lines": [], "summary": {"covered_lines": 0, "num_statements": 0, "percent_covered": 100.0, "percent_covered_display": "100", "missing_lines": 0, "excluded_lines": 0}, "missing_lines": [], "excluded_lines": []}, "RemainingLifeProjection": {"executed_lines": [215, 217], "summary": {"covered_lines": 2, "num_statements": 3, "percent_covered": 66.66666666666667, "percent_covered_display": "67", "missing_lines": 1, "excluded_lines": 0}, "missing_lines": [216], "excluded_lines": []}, "CorrosionRateResponse": {"executed_lines": [265, 267], "summary": {"covered_lines": 2, "num_statements": 3, "percent_covered": 66.66666666666667, "percent_covered_display": "67", "missing_lines": 1, "excluded_lines": 0}, "missing_lines": [266], "excluded_lines": []}, "": {"executed_lines": [1, 6, 7, 8, 10, 13, 14, 16, 22, 29, 34, 40, 47, 52, 53, 54, 66, 67, 69, 71, 72, 73, 80, 85, 90, 94, 100, 101, 102, 109, 110, 112, 117, 122, 128, 134, 139, 146, 155, 156, 158, 165, 172, 179, 184, 191, 198, 206, 211, 212, 213, 220, 221, 223, 228, 229, 231, 236, 241, 246, 251, 256, 261, 262, 263], "summary": {"covered_lines": 59, "num_statements": 59, "percent_covered": 100.0, "percent_covered_display": "100", "missing_lines": 0, "excluded_lines": 0}, "missing_lines": [], "excluded_lines": []}}}, "app/schemas/rbi.py": {"executed_lines": [1, 6, 7, 8, 9, 11, 14, 15, 17, 24, 29, 34, 40, 45, 50, 57, 63, 64, 66, 72, 79, 84, 90, 95, 100, 101, 102, 104, 106, 109, 110, 112, 117, 122, 127, 135, 140, 146, 151, 152, 153, 155, 158, 161, 164, 165, 167, 172, 173, 176, 184, 192, 201, 207, 212, 218, 224, 229, 234, 239, 240, 241, 243, 246, 249, 251, 252, 253, 255, 258, 260, 263, 267, 272, 273, 275, 276, 277, 279, 286], "summary": {"covered_lines": 74, "num_statements": 82, "percent_covered": 90.2439024390244, "percent_covered_display": "90", "missing_lines": 8, "excluded_lines": 0}, "missing_lines": [105, 157, 160, 245, 248, 257, 264, 269], "excluded_lines": [], "functions": {"IntervalCalculationRequest.validate_equipment_id": {"executed_lines": [104, 106], "summary": {"covered_lines": 2, "num_statements": 3, "percent_covered": 66.66666666666667, "percent_covered_display": "67", "missing_lines": 1, "excluded_lines": 0}, "missing_lines": [105], "excluded_lines": []}, "RiskJustification.validate_rsf": {"executed_lines": [155, 158, 161], "summary": {"covered_lines": 3, "num_statements": 5, "percent_covered": 60.0, "percent_covered_display": "60", "missing_lines": 2, "excluded_lines": 0}, "missing_lines": [157, 160], "excluded_lines": []}, "InspectionIntervalResponse.validate_recommended_interval": {"executed_lines": [243, 246, 249], "summary": {"covered_lines": 3, "num_statements": 5, "percent_covered": 60.0, "percent_covered_display": "60", "missing_lines": 2, "excluded_lines": 0}, "missing_lines": [245, 248], "excluded_lines": []}, "InspectionIntervalResponse.validate_maximum_interval": {"executed_lines": [255, 258], "summary": {"covered_lines": 2, "num_statements": 3, "percent_covered": 66.66666666666667, "percent_covered_display": "67", "missing_lines": 1, "excluded_lines": 0}, "missing_lines": [257], "excluded_lines": []}, "InspectionIntervalResponse.model_post_init": {"executed_lines": [263, 267], "summary": {"covered_lines": 2, "num_statements": 4, "percent_covered": 50.0, "percent_covered_display": "50", "missing_lines": 2, "excluded_lines": 0}, "missing_lines": [264, 269], "excluded_lines": []}, "": {"executed_lines": [1, 6, 7, 8, 9, 11, 14, 15, 17, 24, 29, 34, 40, 45, 50, 57, 63, 64, 66, 72, 79, 84, 90, 95, 100, 101, 102, 109, 110, 112, 117, 122, 127, 135, 140, 146, 151, 152, 153, 164, 165, 167, 172, 173, 176, 184, 192, 201, 207, 212, 218, 224, 229, 234, 239, 240, 241, 251, 252, 253, 260, 272, 273, 275, 276, 277, 279, 286], "summary": {"covered_lines": 62, "num_statements": 62, "percent_covered": 100.0, "percent_covered_display": "100", "missing_lines": 0, "excluded_lines": 0}, "missing_lines": [], "excluded_lines": []}}, "classes": {"RiskFactors": {"executed_lines": [], "summary": {"covered_lines": 0, "num_statements": 0, "percent_covered": 100.0, "percent_covered_display": "100", "missing_lines": 0, "excluded_lines": 0}, "missing_lines": [], "excluded_lines": []}, "IntervalCalculationRequest": {"executed_lines": [104, 106], "summary": {"covered_lines": 2, "num_statements": 3, "percent_covered": 66.66666666666667, "percent_covered_display": "67", "missing_lines": 1, "excluded_lines": 0}, "missing_lines": [105], "excluded_lines": []}, "RiskJustification": {"executed_lines": [155, 158, 161], "summary": {"covered_lines": 3, "num_statements": 5, "percent_covered": 60.0, "percent_covered_display": "60", "missing_lines": 2, "excluded_lines": 0}, "missing_lines": [157, 160], "excluded_lines": []}, "InspectionIntervalResponse": {"executed_lines": [243, 246, 249, 255, 258, 263, 267], "summary": {"covered_lines": 7, "num_statements": 12, "percent_covered": 58.333333333333336, "percent_covered_display": "58", "missing_lines": 5, "excluded_lines": 0}, "missing_lines": [245, 248, 257, 264, 269], "excluded_lines": []}, "RBICalculationSummary": {"executed_lines": [], "summary": {"covered_lines": 0, "num_statements": 0, "percent_covered": 100.0, "percent_covered_display": "100", "missing_lines": 0, "excluded_lines": 0}, "missing_lines": [], "excluded_lines": []}, "": {"executed_lines": [1, 6, 7, 8, 9, 11, 14, 15, 17, 24, 29, 34, 40, 45, 50, 57, 63, 64, 66, 72, 79, 84, 90, 95, 100, 101, 102, 109, 110, 112, 117, 122, 127, 135, 140, 146, 151, 152, 153, 164, 165, 167, 172, 173, 176, 184, 192, 201, 207, 212, 218, 224, 229, 234, 239, 240, 241, 251, 252, 253, 260, 272, 273, 275, 276, 277, 279, 286], "summary": {"covered_lines": 62, "num_statements": 62, "percent_covered": 100.0, "percent_covered_display": "100", "missing_lines": 0, "excluded_lines": 0}, "missing_lines": [], "excluded_lines": []}}}, "app/services/__init__.py": {"executed_lines": [0], "summary": {"covered_lines": 0, "num_statements": 0, "percent_covered": 100.0, "percent_covered_display": "100", "missing_lines": 0, "excluded_lines": 0}, "missing_lines": [], "excluded_lines": [], "functions": {"": {"executed_lines": [], "summary": {"covered_lines": 0, "num_statements": 0, "percent_covered": 100.0, "percent_covered_display": "100", "missing_lines": 0, "excluded_lines": 0}, "missing_lines": [], "excluded_lines": []}}, "classes": {"": {"executed_lines": [], "summary": {"covered_lines": 0, "num_statements": 0, "percent_covered": 100.0, "percent_covered_display": "100", "missing_lines": 0, "excluded_lines": 0}, "missing_lines": [], "excluded_lines": []}}}, "app/services/analysis_service.py": {"executed_lines": [1, 6, 7, 8, 9, 10, 11, 13, 14, 15, 17, 21, 28, 30, 33, 34, 35, 36, 37, 38, 40, 41, 42, 44, 45, 51, 52, 58, 59, 61, 64, 65, 66, 69, 70, 77, 79, 80, 82, 96, 98, 99, 101, 105, 109, 111, 115, 120, 123, 128, 138, 146, 156, 162, 171, 180, 185, 190, 192, 194, 197, 198, 200, 201, 202, 204, 205, 212, 213, 215, 255, 260, 261, 263, 271, 273, 274, 276, 281, 283, 291, 294, 297, 298, 299, 301, 302, 303, 304, 307, 309, 319, 325, 328, 330, 337, 342, 344, 345, 347, 348, 349, 350, 353, 354, 355, 356, 357, 360, 362, 375, 378, 381, 382, 383, 384, 390, 392, 401, 402, 406, 407, 408, 411, 412, 413, 415, 418, 425, 426, 429, 431, 433, 435, 437, 440, 442, 446, 447, 450, 451, 453, 455, 458, 459, 462, 464, 465, 469, 476, 480, 484, 485, 488, 492, 493, 494, 499, 500, 501, 510, 516, 517, 518, 519, 521, 525, 535, 545, 546, 548, 554, 558, 562, 565, 566, 593, 598, 599, 600, 603, 605, 611, 613, 614, 617, 618, 621, 622, 623, 624, 631, 632, 633, 634, 640, 651, 653], "summary": {"covered_lines": 195, "num_statements": 299, "percent_covered": 65.21739130434783, "percent_covered_display": "65", "missing_lines": 104, "excluded_lines": 0}, "missing_lines": [47, 48, 49, 54, 55, 56, 62, 106, 112, 164, 165, 166, 167, 168, 169, 186, 187, 218, 219, 220, 221, 222, 223, 225, 226, 227, 229, 230, 231, 233, 234, 237, 238, 239, 240, 241, 243, 244, 251, 252, 284, 286, 288, 321, 322, 323, 326, 338, 364, 365, 366, 367, 369, 370, 371, 373, 387, 388, 403, 416, 432, 434, 436, 438, 463, 467, 477, 495, 496, 502, 503, 504, 505, 507, 523, 550, 551, 559, 569, 570, 571, 572, 575, 576, 577, 578, 580, 581, 582, 583, 584, 585, 586, 587, 588, 590, 591, 594, 607, 608, 635, 636, 637, 638], "excluded_lines": [], "functions": {"CMLData.measurement_count": {"executed_lines": [42], "summary": {"covered_lines": 1, "num_statements": 1, "percent_covered": 100.0, "percent_covered_display": "100", "missing_lines": 0, "excluded_lines": 0}, "missing_lines": [], "excluded_lines": []}, "CMLData.current_thickness": {"executed_lines": [], "summary": {"covered_lines": 0, "num_statements": 3, "percent_covered": 0.0, "percent_covered_display": "0", "missing_lines": 3, "excluded_lines": 0}, "missing_lines": [47, 48, 49], "excluded_lines": []}, "CMLData.oldest_thickness": {"executed_lines": [], "summary": {"covered_lines": 0, "num_statements": 3, "percent_covered": 0.0, "percent_covered_display": "0", "missing_lines": 3, "excluded_lines": 0}, "missing_lines": [54, 55, 56], "excluded_lines": []}, "CMLData.time_span_years": {"executed_lines": [61, 64, 65, 66], "summary": {"covered_lines": 4, "num_statements": 5, "percent_covered": 80.0, "percent_covered_display": "80", "missing_lines": 1, "excluded_lines": 0}, "missing_lines": [62], "excluded_lines": []}, "AnalysisService.__init__": {"executed_lines": [79, 80], "summary": {"covered_lines": 2, "num_statements": 2, "percent_covered": 100.0, "percent_covered_display": "100", "missing_lines": 0, "excluded_lines": 0}, "missing_lines": [], "excluded_lines": []}, "AnalysisService.analyze_corrosion_rates": {"executed_lines": [96, 98, 99, 101, 105, 109, 111, 115, 120, 123, 128, 138, 146, 156, 162], "summary": {"covered_lines": 15, "num_statements": 23, "percent_covered": 65.21739130434783, "percent_covered_display": "65", "missing_lines": 8, "excluded_lines": 0}, "missing_lines": [106, 112, 164, 165, 166, 167, 168, 169], "excluded_lines": []}, "AnalysisService._gather_thickness_data": {"executed_lines": [180, 185, 190, 192, 194, 197, 198, 200, 201, 202, 204, 205, 212, 213, 215, 255, 260, 261], "summary": {"covered_lines": 18, "num_statements": 43, "percent_covered": 41.86046511627907, "percent_covered_display": "42", "missing_lines": 25, "excluded_lines": 0}, "missing_lines": [186, 187, 218, 219, 220, 221, 222, 223, 225, 226, 227, 229, 230, 231, 233, 234, 237, 238, 239, 240, 241, 243, 244, 251, 252], "excluded_lines": []}, "AnalysisService._calculate_cml_corrosion_rates": {"executed_lines": [271, 273, 274, 276, 281, 283, 291, 294, 297, 298, 299, 301, 302, 303, 304, 307, 309, 319, 325, 328], "summary": {"covered_lines": 20, "num_statements": 27, "percent_covered": 74.07407407407408, "percent_covered_display": "74", "missing_lines": 7, "excluded_lines": 0}, "missing_lines": [284, 286, 288, 321, 322, 323, 326], "excluded_lines": []}, "AnalysisService._linear_regression_analysis": {"executed_lines": [337, 342, 344, 345, 347, 348, 349, 350, 353, 354, 355, 356, 357, 360, 362, 375, 378, 381, 382, 383, 384, 390], "summary": {"covered_lines": 22, "num_statements": 33, "percent_covered": 66.66666666666667, "percent_covered_display": "67", "missing_lines": 11, "excluded_lines": 0}, "missing_lines": [338, 364, 365, 366, 367, 369, 370, 371, 373, 387, 388], "excluded_lines": []}, "AnalysisService._calculate_confidence_intervals": {"executed_lines": [401, 402, 406, 407, 408, 411, 412, 413, 415, 418, 425, 426, 429, 431, 433, 435, 437, 440, 442, 446, 447, 450, 451, 453], "summary": {"covered_lines": 24, "num_statements": 30, "percent_covered": 80.0, "percent_covered_display": "80", "missing_lines": 6, "excluded_lines": 0}, "missing_lines": [403, 416, 432, 434, 436, 438], "excluded_lines": []}, "AnalysisService._assess_data_quality": {"executed_lines": [458, 459, 462, 464, 465], "summary": {"covered_lines": 5, "num_statements": 7, "percent_covered": 71.42857142857143, "percent_covered_display": "71", "missing_lines": 2, "excluded_lines": 0}, "missing_lines": [463, 467], "excluded_lines": []}, "AnalysisService._perform_trend_analysis": {"executed_lines": [476, 480, 484, 485, 488, 492, 493, 494, 499, 500, 501, 510, 516, 517, 518, 519, 521, 525], "summary": {"covered_lines": 18, "num_statements": 27, "percent_covered": 66.66666666666667, "percent_covered_display": "67", "missing_lines": 9, "excluded_lines": 0}, "missing_lines": [477, 495, 496, 502, 503, 504, 505, 507, 523], "excluded_lines": []}, "AnalysisService._calculate_remaining_life": {"executed_lines": [545, 546, 548, 554, 558, 562, 565, 566, 593, 598, 599, 600, 603, 605, 611, 613, 614, 617, 618, 621, 622, 623, 624, 631, 632, 633, 634, 640], "summary": {"covered_lines": 28, "num_statements": 57, "percent_covered": 49.12280701754386, "percent_covered_display": "49", "missing_lines": 29, "excluded_lines": 0}, "missing_lines": [550, 551, 559, 569, 570, 571, 572, 575, 576, 577, 578, 580, 581, 582, 583, 584, 585, 586, 587, 588, 590, 591, 594, 607, 608, 635, 636, 637, 638], "excluded_lines": []}, "AnalysisService._get_calculation_assumptions": {"executed_lines": [653], "summary": {"covered_lines": 1, "num_statements": 1, "percent_covered": 100.0, "percent_covered_display": "100", "missing_lines": 0, "excluded_lines": 0}, "missing_lines": [], "excluded_lines": []}, "": {"executed_lines": [1, 6, 7, 8, 9, 10, 11, 13, 14, 15, 17, 21, 28, 30, 33, 34, 35, 36, 37, 38, 40, 41, 44, 45, 51, 52, 58, 59, 69, 70, 77, 82, 171, 263, 330, 392, 455, 469, 535, 651], "summary": {"covered_lines": 37, "num_statements": 37, "percent_covered": 100.0, "percent_covered_display": "100", "missing_lines": 0, "excluded_lines": 0}, "missing_lines": [], "excluded_lines": []}}, "classes": {"CMLData": {"executed_lines": [42, 61, 64, 65, 66], "summary": {"covered_lines": 5, "num_statements": 12, "percent_covered": 41.666666666666664, "percent_covered_display": "42", "missing_lines": 7, "excluded_lines": 0}, "missing_lines": [47, 48, 49, 54, 55, 56, 62], "excluded_lines": []}, "AnalysisService": {"executed_lines": [79, 80, 96, 98, 99, 101, 105, 109, 111, 115, 120, 123, 128, 138, 146, 156, 162, 180, 185, 190, 192, 194, 197, 198, 200, 201, 202, 204, 205, 212, 213, 215, 255, 260, 261, 271, 273, 274, 276, 281, 283, 291, 294, 297, 298, 299, 301, 302, 303, 304, 307, 309, 319, 325, 328, 337, 342, 344, 345, 347, 348, 349, 350, 353, 354, 355, 356, 357, 360, 362, 375, 378, 381, 382, 383, 384, 390, 401, 402, 406, 407, 408, 411, 412, 413, 415, 418, 425, 426, 429, 431, 433, 435, 437, 440, 442, 446, 447, 450, 451, 453, 458, 459, 462, 464, 465, 476, 480, 484, 485, 488, 492, 493, 494, 499, 500, 501, 510, 516, 517, 518, 519, 521, 525, 545, 546, 548, 554, 558, 562, 565, 566, 593, 598, 599, 600, 603, 605, 611, 613, 614, 617, 618, 621, 622, 623, 624, 631, 632, 633, 634, 640, 653], "summary": {"covered_lines": 153, "num_statements": 250, "percent_covered": 61.2, "percent_covered_display": "61", "missing_lines": 97, "excluded_lines": 0}, "missing_lines": [106, 112, 164, 165, 166, 167, 168, 169, 186, 187, 218, 219, 220, 221, 222, 223, 225, 226, 227, 229, 230, 231, 233, 234, 237, 238, 239, 240, 241, 243, 244, 251, 252, 284, 286, 288, 321, 322, 323, 326, 338, 364, 365, 366, 367, 369, 370, 371, 373, 387, 388, 403, 416, 432, 434, 436, 438, 463, 467, 477, 495, 496, 502, 503, 504, 505, 507, 523, 550, 551, 559, 569, 570, 571, 572, 575, 576, 577, 578, 580, 581, 582, 583, 584, 585, 586, 587, 588, 590, 591, 594, 607, 608, 635, 636, 637, 638], "excluded_lines": []}, "": {"executed_lines": [1, 6, 7, 8, 9, 10, 11, 13, 14, 15, 17, 21, 28, 30, 33, 34, 35, 36, 37, 38, 40, 41, 44, 45, 51, 52, 58, 59, 69, 70, 77, 82, 171, 263, 330, 392, 455, 469, 535, 651], "summary": {"covered_lines": 37, "num_statements": 37, "percent_covered": 100.0, "percent_covered_display": "100", "missing_lines": 0, "excluded_lines": 0}, "missing_lines": [], "excluded_lines": []}}}, "app/services/api579_service.py": {"executed_lines": [1, 16, 17, 18, 19, 20, 22, 23, 25, 31, 32, 33, 35, 38, 39, 46, 56, 57, 58, 59, 61, 79, 80, 81, 84, 88, 89, 92, 96, 100, 101, 104, 107, 108, 109, 112, 113, 114, 117, 118, 119, 122, 123, 124, 127, 132, 137, 148, 152, 154, 166, 167, 168, 170, 190, 192, 193, 194, 197, 218, 221, 224, 227, 229, 233, 237, 241, 245, 248, 249, 250, 257, 258, 261, 264, 282, 293, 324, 327, 329, 331, 333, 339, 341, 343, 350, 351, 362, 363, 365, 367, 369, 371, 374, 390, 392, 394, 396, 399, 407, 414, 422, 428, 430, 432, 434, 443, 451, 454, 456, 458, 461, 464, 465, 467, 475, 482, 483, 486, 488, 490, 492, 494, 502, 504, 506, 509, 512, 513, 516, 517, 518, 519, 521, 524, 532, 539, 540, 542, 544, 550, 553, 554, 556, 557, 558, 559, 560, 561, 562, 563, 565, 566, 568, 572, 576, 583, 585, 596, 597, 598, 601, 602, 603, 604, 605, 606, 607, 608, 609, 610, 611, 612, 613, 614, 615, 618, 619, 620, 624, 629, 630, 635, 636, 641, 642, 643, 646, 648, 650, 661, 663, 665, 680, 681, 682, 683, 686, 717, 718, 719, 721, 722, 729, 737, 738, 739, 742, 743, 750, 773], "summary": {"covered_lines": 209, "num_statements": 273, "percent_covered": 76.55677655677655, "percent_covered_display": "77", "missing_lines": 64, "excluded_lines": 0}, "missing_lines": [97, 230, 231, 234, 235, 238, 239, 242, 243, 251, 252, 254, 259, 260, 262, 278, 279, 280, 352, 353, 355, 368, 370, 372, 379, 381, 382, 384, 387, 452, 462, 510, 520, 522, 621, 622, 623, 625, 626, 724, 725, 726, 727, 744, 745, 766, 767, 782, 783, 786, 788, 792, 793, 795, 799, 800, 803, 805, 806, 808, 809, 811, 812, 813], "excluded_lines": [], "functions": {"API579Service.__init__": {"executed_lines": [56, 57, 58, 59], "summary": {"covered_lines": 4, "num_statements": 4, "percent_covered": 100.0, "percent_covered_display": "100", "missing_lines": 0, "excluded_lines": 0}, "missing_lines": [], "excluded_lines": []}, "API579Service.perform_complete_assessment": {"executed_lines": [79, 80, 81, 84, 88, 89, 92, 96, 100, 101, 104, 107, 108, 109, 112, 113, 114, 117, 118, 119, 122, 123, 124, 127, 132, 137, 148, 152, 154, 166, 167, 168], "summary": {"covered_lines": 32, "num_statements": 33, "percent_covered": 96.96969696969697, "percent_covered_display": "97", "missing_lines": 1, "excluded_lines": 0}, "missing_lines": [97], "excluded_lines": []}, "API579Service.perform_ffs_assessment": {"executed_lines": [190, 192, 193, 194, 197, 218, 221, 224, 227, 229, 233, 237, 241, 245, 248, 249, 250, 257, 258, 261, 264], "summary": {"covered_lines": 21, "num_statements": 38, "percent_covered": 55.26315789473684, "percent_covered_display": "55", "missing_lines": 17, "excluded_lines": 0}, "missing_lines": [230, 231, 234, 235, 238, 239, 242, 243, 251, 252, 254, 259, 260, 262, 278, 279, 280], "excluded_lines": []}, "API579Service._extract_calculation_parameters": {"executed_lines": [293, 324, 327, 329], "summary": {"covered_lines": 4, "num_statements": 4, "percent_covered": 100.0, "percent_covered_display": "100", "missing_lines": 0, "excluded_lines": 0}, "missing_lines": [], "excluded_lines": []}, "API579Service._map_equipment_type": {"executed_lines": [333, 339], "summary": {"covered_lines": 2, "num_statements": 2, "percent_covered": 100.0, "percent_covered_display": "100", "missing_lines": 0, "excluded_lines": 0}, "missing_lines": [], "excluded_lines": []}, "API579Service._calculate_derived_parameters": {"executed_lines": [343, 350, 351, 362, 363, 365, 367, 369, 371, 374, 390, 392], "summary": {"covered_lines": 12, "num_statements": 23, "percent_covered": 52.17391304347826, "percent_covered_display": "52", "missing_lines": 11, "excluded_lines": 0}, "missing_lines": [352, 353, 355, 368, 370, 372, 379, 381, 382, 384, 387], "excluded_lines": []}, "API579Service._assess_calculation_capabilities": {"executed_lines": [396, 399, 407, 414, 422, 428], "summary": {"covered_lines": 6, "num_statements": 6, "percent_covered": 100.0, "percent_covered_display": "100", "missing_lines": 0, "excluded_lines": 0}, "missing_lines": [], "excluded_lines": []}, "API579Service._calculate_minimum_thickness": {"executed_lines": [432, 434, 443, 451, 454], "summary": {"covered_lines": 5, "num_statements": 6, "percent_covered": 83.33333333333333, "percent_covered_display": "83", "missing_lines": 1, "excluded_lines": 0}, "missing_lines": [452], "excluded_lines": []}, "API579Service._calculate_rsf": {"executed_lines": [458, 461, 464, 465, 467, 475, 482, 483, 486, 488], "summary": {"covered_lines": 10, "num_statements": 11, "percent_covered": 90.9090909090909, "percent_covered_display": "91", "missing_lines": 1, "excluded_lines": 0}, "missing_lines": [462], "excluded_lines": []}, "API579Service._calculate_mawp": {"executed_lines": [492, 494, 502], "summary": {"covered_lines": 3, "num_statements": 3, "percent_covered": 100.0, "percent_covered_display": "100", "missing_lines": 0, "excluded_lines": 0}, "missing_lines": [], "excluded_lines": []}, "API579Service._calculate_remaining_life": {"executed_lines": [506, 509, 512, 513, 516, 517, 518, 519, 521, 524, 532, 539, 
[...]
 "excluded_lines": 0}, "missing_lines": [], "excluded_lines": []}}, "classes": {"": {"executed_lines": [1, 2, 4], "summary": {"covered_lines": 2, "num_statements": 2, "percent_covered": 100.0, "percent_covered_display": "100", "missing_lines": 0, "excluded_lines": 0}, "missing_lines": [], "excluded_lines": []}}}, "app/services/health/checks.py": {"executed_lines": [1, 7, 8, 9, 10, 11, 13, 14, 15, 17, 18, 20, 23, 24, 25, 26, 27, 28, 31, 32, 33, 34, 35, 36, 37, 38, 40, 42, 46, 47, 48, 49, 50, 53, 54, 63, 64, 65, 67, 69, 70, 72, 74, 75, 76, 78, 80, 87, 90, 98, 99, 100, 101, 103, 104, 113, 115, 117, 118, 125, 127, 138, 147, 149, 151, 161, 164, 171, 173, 175, 176, 221, 229, 231, 232, 238, 241, 242, 243, 244, 247, 249, 251, 252, 289, 297, 299, 302, 304, 307, 309, 310, 312, 315, 316, 321, 322, 377, 384, 385], "summary": {"covered_lines": 96, "num_statements": 126, "percent_covered": 76.19047619047619, "percent_covered_display": "76", "missing_lines": 30, "excluded_lines": 0}, "missing_lines": [106, 107, 119, 120, 121, 122, 187, 204, 205, 206, 212, 213, 214, 264, 271, 272, 273, 280, 281, 282, 300, 334, 335, 347, 354, 355, 356, 366, 367, 368], "excluded_lines": [], "functions": {"ServiceHealth.to_dict": {"executed_lines": [42, 46, 47, 48, 49, 50], "summary": {"covered_lines": 6, "num_statements": 6, "percent_covered": 100.0, "percent_covered_display": "100", "missing_lines": 0, "excluded_lines": 0}, "missing_lines": [], "excluded_lines": []}, "HealthChecker.__init__": {"executed_lines": [64, 65], "summary": {"covered_lines": 2, "num_statements": 2, "percent_covered": 100.0, "percent_covered_display": "100", "missing_lines": 0, "excluded_lines": 0}, "missing_lines": [], "excluded_lines": []}, "HealthChecker.__aenter__": {"executed_lines": [69, 70], "summary": {"covered_lines": 2, "num_statements": 2, "percent_covered": 100.0, "percent_covered_display": "100", "missing_lines": 0, "excluded_lines": 0}, "missing_lines": [], "excluded_lines": []}, "HealthChecker.__aexit__": {"executed_lines": [74, 75, 76, 78], "summary": {"covered_lines": 4, "num_statements": 4, "percent_covered": 100.0, "percent_covered_display": "100", "missing_lines": 0, "excluded_lines": 0}, "missing_lines": [], "excluded_lines": []}, "HealthChecker.check_all_services": {"executed_lines": [87, 90, 98, 99, 100, 101, 103, 104, 113, 115, 117, 118, 125, 127], "summary": {"covered_lines": 14, "num_statements": 20, "percent_covered": 70.0, "percent_covered_display": "70", "missing_lines": 6, "excluded_lines": 0}, "missing_lines": [106, 107, 119, 120, 121, 122], "excluded_lines": []}, "HealthChecker.check_database": {"executed_lines": [147, 149, 151, 161, 164, 171, 173, 175, 176], "summary": {"covered_lines": 9, "num_statements": 16, "percent_covered": 56.25, "percent_covered_display": "56", "missing_lines": 7, "excluded_lines": 0}, "missing_lines": [187, 204, 205, 206, 212, 213, 214], "excluded_lines": []}, "HealthChecker.check_redis": {"executed_lines": [229, 231, 232, 238, 241, 242, 243, 244, 247, 249, 251, 252], "summary": {"covered_lines": 12, "num_statements": 19, "percent_covered": 63.1578947368421, "percent_covered_display": "63", "missing_lines": 7, "excluded_lines": 0}, "missing_lines": [264, 271, 272, 273, 280, 281, 282], "excluded_lines": []}, "HealthChecker.check_ollama": {"executed_lines": [297, 299, 302, 304, 307, 309, 310, 312, 315, 316, 321, 322], "summary": {"covered_lines": 12, "num_statements": 22, "percent_covered": 54.54545454545455, "percent_covered_display": "55", "missing_lines": 10, "excluded_lines": 0}, "missing_lines": [300, 334, 335, 347, 354, 355, 356, 366, 367, 368], "excluded_lines": []}, "get_system_health": {"executed_lines": [384, 385], "summary": {"covered_lines": 2, "num_statements": 2, "percent_covered": 100.0, "percent_covered_display": "100", "missing_lines": 0, "excluded_lines": 0}, "missing_lines": [], "excluded_lines": []}, "": {"executed_lines": [1, 7, 8, 9, 10, 11, 13, 14, 15, 17, 18, 20, 23, 24, 25, 26, 27, 28, 31, 32, 33, 34, 35, 36, 37, 38, 40, 53, 54, 63, 67, 72, 80, 138, 221, 289, 377], "summary": {"covered_lines": 33, "num_statements": 33, "percent_covered": 100.0, "percent_covered_display": "100", "missing_lines": 0, "excluded_lines": 0}, "missing_lines": [], "excluded_lines": []}}, "classes": {"ServiceStatus": {"executed_lines": [], "summary": {"covered_lines": 0, "num_statements": 0, "percent_covered": 100.0, "percent_covered_display": "100", "missing_lines": 0, "excluded_lines": 0}, "missing_lines": [], "excluded_lines": []}, "ServiceHealth": {"executed_lines": [42, 46, 47, 48, 49, 50], "summary": {"covered_lines": 6, "num_statements": 6, "percent_covered": 100.0, "percent_covered_display": "100", "missing_lines": 0, "excluded_lines": 0}, "missing_lines": [], "excluded_lines": []}, "HealthChecker": {"executed_lines": [64, 65, 69, 70, 74, 75, 76, 78, 87, 90, 98, 99, 100, 101, 103, 104, 113, 115, 117, 118, 125, 127, 147, 149, 151, 161, 164, 171, 173, 175, 176, 229, 231, 232, 238, 241, 242, 243, 244, 247, 249, 251, 252, 297, 299, 302, 304, 307, 309, 310, 312, 315, 316, 321, 322], "summary": {"covered_lines": 55, "num_statements": 85, "percent_covered": 64.70588235294117, "percent_covered_display": "65", "missing_lines": 30, "excluded_lines": 0}, "missing_lines": [106, 107, 119, 120, 121, 122, 187, 204, 205, 206, 212, 213, 214, 264, 271, 272, 273, 280, 281, 282, 300, 334, 335, 347, 354, 355, 356, 366, 367, 368], "excluded_lines": []}, "": {"executed_lines": [1, 7, 8, 9, 10, 11, 13, 14, 15, 17, 18, 20, 23, 24, 25, 26, 27, 28, 31, 32, 33, 34, 35, 36, 37, 38, 40, 53, 54, 63, 67, 72, 80, 138, 221, 289, 377, 384, 385], "summary": {"covered_lines": 35, "num_statements": 35, "percent_covered": 100.0, "percent_covered_display": "100", "missing_lines": 0, "excluded_lines": 0}, "missing_lines": [], "excluded_lines": []}}}, "app/services/rbi_service.py": {"executed_lines": [1, 6, 7, 8, 9, 10, 12, 13, 15, 16, 23, 26, 27, 28, 29, 30, 31, 32, 35, 36, 46, 48, 49, 51, 69, 74, 75, 77, 80, 85, 90, 93, 96, 101, 106, 127, 133, 142, 150, 154, 160, 164, 168, 173, 175, 184, 187, 188, 190, 191, 196, 197, 200, 201, 204, 209, 214, 222, 223, 229, 237, 240, 241, 244, 246, 247, 250, 257, 260, 262, 263, 267, 271, 283, 285, 293, 301, 304, 305, 307, 313, 315, 323, 327, 330, 336, 342, 343, 346, 347, 350, 356, 368, 371, 379, 382, 385, 389, 390, 397, 398, 400, 410, 419, 423, 425, 426, 427, 437, 445, 448, 451, 459, 461, 465, 466, 468, 470, 477, 485, 492], "summary": {"covered_lines": 118, "num_statements": 166, "percent_covered": 71.08433734939759, "percent_covered_display": "71", "missing_lines": 48, "excluded_lines": 0}, "missing_lines": [135, 136, 137, 138, 139, 140, 155, 165, 169, 189, 193, 205, 206, 210, 211, 215, 216, 217, 218, 224, 225, 227, 245, 251, 252, 261, 265, 308, 309, 331, 332, 333, 337, 338, 339, 348, 380, 383, 386, 391, 430, 431, 432, 433, 435, 452, 460, 462], "excluded_lines": [], "functions": {"RBIService.__init__": {"executed_lines": [48, 49], "summary": {"covered_lines": 2, "num_statements": 2, "percent_covered": 100.0, "percent_covered_display": "100", "missing_lines": 0, "excluded_lines": 0}, "missing_lines": [], "excluded_lines": []}, "RBIService.calculate_inspection_interval": {"executed_lines": [69, 74, 75, 77, 80, 85, 90, 93, 96, 101, 106, 127, 133], "summary": {"covered_lines": 13, "num_statements": 19, "percent_covered": 68.42105263157895, "percent_covered_display": "68", "missing_lines": 6, "excluded_lines": 0}, "missing_lines": [135, 136, 137, 138, 139, 140], "excluded_lines": []}, "RBIService._validate_request": {"executed_lines": [150, 154, 160, 164, 168, 173], "summary": {"covered_lines": 6, "num_statements": 9, "percent_covered": 66.66666666666667, "percent_covered_display": "67", "missing_lines": 3, "excluded_lines": 0}, "missing_lines": [155, 165, 169], "excluded_lines": []}, "RBIService._assess_probability_of_failure": {"executed_lines": [184, 187, 188, 190, 191, 196, 197, 200, 201, 204, 209, 214, 222, 223], "summary": {"covered_lines": 14, "num_statements": 27, "percent_covered": 51.851851851851855, "percent_covered_display": "52", "missing_lines": 13, "excluded_lines": 0}, "missing_lines": [189, 193, 205, 206, 210, 211, 215, 216, 217, 218, 224, 225, 227], "excluded_lines": []}, "RBIService._assess_consequence_of_failure": {"executed_lines": [237, 240, 241, 244, 246, 247, 250, 257, 260, 262, 263], "summary": {"covered_lines": 11, "num_statements": 16, "percent_covered": 68.75, "percent_covered_display": "69", "missing_lines": 5, "excluded_lines": 0}, "missing_lines": [245, 251, 252, 261, 265], "excluded_lines": []}, "RBIService._determine_risk_level": {"executed_lines": [271, 283], "summary": {"covered_lines": 2, "num_statements": 2, "percent_covered": 100.0, "percent_covered_display": "100", "missing_lines": 0, "excluded_lines": 0}, "missing_lines": [], "excluded_lines": []}, "RBIService._calculate_base_interval": {"executed_lines": [293, 301, 304, 305, 307, 313], "summary": {"covered_lines": 6, "num_statements": 8, "percent_covered": 75.0, "percent_covered_display": "75", "missing_lines": 2, "excluded_lines": 0}, "missing_lines": [308, 309], "excluded_lines": []}, "RBIService._apply_constraints": {"executed_lines": [323, 327, 330, 336, 342, 343, 346, 347, 350], "summary": {"covered_lines": 9, "num_statements": 16, "percent_covered": 56.25, "percent_covered_display": "56", "missing_lines": 7, "excluded_lines": 0}, "missing_lines": [331, 332, 333, 337, 338, 339, 348], "excluded_lines": []}, "RBIService._generate_risk_justification": {"executed_lines": [368, 371, 379, 382, 385, 389, 390, 397, 398, 400], "summary": {"covered_lines": 10, "num_statements": 14, "percent_covered": 71.42857142857143, "percent_covered_display": "71", "missing_lines": 4, "excluded_lines": 0}, "missing_lines": [380, 383, 386, 391], "excluded_lines": []}, "RBIService._calculate_next_inspection_date": {"executed_lines": [419, 423, 425, 426, 427], "summary": {"covered_lines": 5, "num_statements": 10, "percent_covered": 50.0, "percent_covered_display": "50", "missing_lines": 5, "excluded_lines": 0}, "missing_lines": [430, 431, 432, 433, 435], "excluded_lines": []}, "RBIService._generate_inspection_scope": {"executed_lines": [445, 448, 451, 459, 461, 465, 466, 468], "summary": {"covered_lines": 8, "num_statements": 11, "percent_covered": 72.72727272727273, "percent_covered_display": "73", "missing_lines": 3, "excluded_lines": 0}, "missing_lines": [452, 460, 462], "excluded_lines": []}, "RBIService._assess_regulatory_compliance": {"executed_lines": [477], "summary": {"covered_lines": 1, "num_statements": 1, "percent_covered": 100.0, "percent_covered_display": "100", "missing_lines": 0, "excluded_lines": 0}, "missing_lines": [], "excluded_lines": []}, "RBIService._create_calculation_metadata": {"executed_lines": [492], "summary": {"covered_lines": 1, "num_statements": 1, "percent_covered": 100.0, "percent_covered_display": "100", "missing_lines": 0, "excluded_lines": 0}, "missing_lines": [], "excluded_lines": []}, "": {"executed_lines": [1, 6, 7, 8, 9, 10, 12, 13, 15, 16, 23, 26, 27, 28, 29, 30, 31, 32, 35, 36, 46, 51, 142, 175, 229, 267, 285, 315, 356, 410, 437, 470, 485], "summary": {"covered_lines": 30, "num_statements": 30, "percent_covered": 100.0, "percent_covered_display": "100", "missing_lines": 0, "excluded_lines": 0}, "missing_lines": [], "excluded_lines": []}}, "classes": {"RiskLevel": {"executed_lines": [], "summary": {"covered_lines": 0, "num_statements": 0, "percent_covered": 100.0, "percent_covered_display": "100", "missing_lines": 0, "excluded_lines": 0}, "missing_lines": [], "excluded_lines": []}, "RBIService": {"executed_lines": [48, 49, 69, 74, 75, 77, 80, 85, 90, 93, 96, 101, 106, 127, 133, 150, 154, 160, 164, 168, 173, 184, 187, 188, 190, 191, 196, 197, 200, 201, 204, 209, 214, 222, 223, 237, 240, 241, 244, 246, 247, 250, 257, 260, 262, 263, 271, 283, 293, 301, 304, 305, 307, 313, 323, 327, 330, 336, 342, 343, 346, 347, 350, 368, 371, 379, 382, 385, 389, 390, 397, 398, 400, 419, 423, 425, 426, 427, 445, 448, 451, 459, 461, 465, 466, 468, 477, 492], "summary": {"covered_lines": 88, "num_statements": 136, "percent_covered": 64.70588235294117, "percent_covered_display": "65", "missing_lines": 48, "excluded_lines": 0}, "missing_lines": [135, 136, 137, 138, 139, 140, 155, 165, 169, 189, 193, 205, 206, 210, 211, 215, 216, 217, 218, 224, 225, 227, 245, 251, 252, 261, 265, 308, 309, 331, 332, 333, 337, 338, 339, 348, 380, 383, 386, 391, 430, 431, 432, 433, 435, 452, 460, 462], "excluded_lines": []}, "": {"executed_lines": [1, 6, 7, 8, 9, 10, 12, 13, 15, 16, 23, 26, 27, 28, 29, 30, 31, 32, 35, 36, 46, 51, 142, 175, 229, 267, 285, 315, 356, 410, 437, 470, 485], "summary": {"covered_lines": 30, "num_statements": 30, "percent_covered": 100.0, "percent_covered_display": "100", "missing_lines": 0, "excluded_lines": 0}, "missing_lines": [], "excluded_lines": []}}}, "app/validation/__init__.py": {"executed_lines": [], "summary": {"covered_lines": 0, "num_statements": 3, "percent_covered": 0.0, "percent_covered_display": "0", "missing_lines": 3, "excluded_lines": 0}, "missing_lines": [7, 8, 10], "excluded_lines": [], "functions": {"": {"executed_lines": [], "summary": {"covered_lines": 0, "num_statements": 3, "percent_covered": 0.0, "percent_covered_display": "0", "missing_lines": 3, "excluded_lines": 0}, "missing_lines": [7, 8, 10], "excluded_lines": []}}, "classes": {"": {"executed_lines": [], "summary": {"covered_lines": 0, "num_statements": 3, "percent_covered": 0.0, "percent_covered_display": "0", "missing_lines": 3, "excluded_lines": 0}, "missing_lines": [7, 8, 10], "excluded_lines": []}}}, "app/validation/validators.py": {"executed_lines": [], "summary": {"covered_lines": 0, "num_statements": 170, "percent_covered": 0.0, "percent_covered_display": "0", "missing_lines": 170, "excluded_lines": 0}, "missing_lines": [7, 8, 9, 11, 13, 15, 18, 20, 28, 29, 30, 31, 32, 34, 39, 40, 42, 45, 47, 48, 49, 50, 51, 52, 53, 55, 57, 58, 60, 63, 71, 78, 79, 80, 82, 104, 105, 106, 107, 116, 117, 118, 119, 120, 128, 131, 132, 133, 136, 137, 147, 148, 149, 158, 164, 165, 166, 172, 173, 174, 176, 177, 185, 186, 191, 192, 195, 196, 202, 203, 207, 215, 235, 236, 237, 238, 246, 249, 250, 259, 260, 261, 270, 275, 276, 285, 286, 287, 297, 298, 299, 300, 305, 313, 331, 332, 333, 334, 342, 345, 346, 355, 356, 366, 367, 373, 374, 379, 387, 407, 408, 409, 410, 418, 421, 422, 432, 435, 436, 437, 446, 451, 452, 457, 458, 464, 465, 473, 481, 498, 501, 503, 504, 510, 511, 512, 515, 516, 521, 522, 531, 539, 554, 557, 565, 566, 567, 568, 577, 578, 579, 581, 582, 583, 589, 590, 591, 593, 594, 595, 596, 598, 600, 601, 602, 603, 611, 616, 617, 625], "excluded_lines": [], "functions": {"ValidationError.__init__": {"executed_lines": [], "summary": {"covered_lines": 0, "num_statements": 9, "percent_covered": 0.0, "percent_covered_display": "0", "missing_lines": 9, "excluded_lines": 0}, "missing_lines": [28, 29, 30, 31, 32, 34, 39, 40, 42], "excluded_lines": []}, "ValidationResult.serialize_decimal_value": {"executed_lines": [], "summary": {"covered_lines": 0, "num_statements": 1, "percent_covered": 0.0, "percent_covered_display": "0", "missing_lines": 1, "excluded_lines": 0}, "missing_lines": [60], "excluded_lines": []}, "API579Validator.__init__": {"executed_lines": [], "summary": {"covered_lines": 0, "num_statements": 3, "percent_covered": 0.0, "percent_covered_display": "0", "missing_lines": 3, "excluded_lines": 0}, "missing_lines": [78, 79, 80], "excluded_lines": []}, "API579Validator.validate_thickness_measurement": {"executed_lines": [], "summary": {"covered_lines": 0, "num_statements": 36, "percent_covered": 0.0, "percent_covered_display": "0", "missing_lines": 36, "excluded_lines": 0}, "missing_lines": [104, 105, 106, 107, 116, 117, 118, 119, 120, 128, 131, 132, 133, 136, 137, 147, 148, 149, 158, 164, 165, 166, 172, 173, 174, 176, 177, 185, 186, 191, 192, 195, 196, 202, 203, 207], "excluded_lines": []}, "API579Validator.validate_pressure": {"executed_lines": [], "summary": {"covered_lines": 0, "num_statements": 21, "percent_covered": 0.0, "percent_covered_display": "0", "missing_lines": 21, "excluded_lines": 0}, "missing_lines": [235, 236, 237, 238, 246, 249, 250, 259, 260, 261, 270, 275, 276, 285, 286, 287, 297, 298, 299, 300, 305], "excluded_lines": []}, "API579Validator.validate_temperature": {"executed_lines": [], "summary": {"covered_lines": 0, "num_statements": 14, "percent_covered": 0.0, "percent_covered_display": "0", "missing_lines": 14, "excluded_lines": 0}, "missing_lines": [331, 332, 333, 334, 342, 345, 346, 355, 356, 366, 367, 373, 374, 379], "excluded_lines": []}, "API579Validator.validate_corrosion_rate": {"executed_lines": [], "summary": {"covered_lines": 0, "num_statements": 19, "percent_covered": 0.0, "percent_covered_display": "0", "missing_lines": 19, "excluded_lines": 0}, "missing_lines": [407, 408, 409, 410, 418, 421, 422, 432, 435, 436, 437, 446, 451, 452, 457, 458, 464, 465, 473], "excluded_lines": []}, "API579Validator.validate_material_specification": {"executed_lines": [], "summary": {"covered_lines": 0, "num_statements": 12, "percent_covered": 0.0, "percent_covered_display": "0", "missing_lines": 12, "excluded_lines": 0}, "missing_lines": [498, 501, 503, 504, 510, 511, 512, 515, 516, 521, 522, 531], "excluded_lines": []}, "API579Validator.validate_calculation_inputs": {"executed_lines": [], "summary": {"covered_lines": 0, "num_statements": 28, "percent_covered": 0.0, "percent_covered_display": "0", "missing_lines": 28, "excluded_lines": 0}, "missing_lines": [554, 557, 565, 566, 567, 568, 577, 578, 579, 581, 582, 583, 589, 590, 591, 593, 594, 595, 596, 598, 600, 601, 602, 603, 611, 616, 617, 625], "excluded_lines": []}, "": {"executed_lines": [], "summary": {"covered_lines": 0, "num_statements": 27, "percent_covered": 0.0, "percent_covered_display": "0", "missing_lines": 27, "excluded_lines": 0}, "missing_lines": [7, 8, 9, 11, 13, 15, 18, 20, 45, 47, 48, 49, 50, 51, 52, 53, 55, 57, 58, 63, 71, 82, 215, 313, 387, 481, 539], "excluded_lines": []}}, "classes": {"ValidationError": {"executed_lines": [], "summary": {"covered_lines": 0, "num_statements": 9, "percent_covered": 0.0, "percent_covered_display": "0", "missing_lines": 9, "excluded_lines": 0}, "missing_lines": [28, 29, 30, 31, 32, 34, 39, 40, 42], "excluded_lines": []}, "ValidationResult": {"executed_lines": [], "summary": {"covered_lines": 0, "num_statements": 1, "percent_covered": 0.0, "percent_covered_display": "0", "missing_lines": 1, "excluded_lines": 0}, "missing_lines": [60], "excluded_lines": []}, "API579Validator": {"executed_lines": [], "summary": {"covered_lines": 0, "num_statements": 133, "percent_covered": 0.0, "percent_covered_display": "0", "missing_lines": 133, "excluded_lines": 0}, "missing_lines": [78, 79, 80, 104, 105, 106, 107, 116, 117, 118, 119, 120, 128, 131, 132, 133, 136, 137, 147, 148, 149, 158, 164, 165, 166, 172, 173, 174, 176, 177, 185, 186, 191, 192, 195, 196, 202, 203, 207, 235, 236, 237, 238, 246, 249, 250, 259, 260, 261, 270, 275, 276, 285, 286, 287, 297, 298, 299, 300, 305, 331, 332, 333, 334, 342, 345, 346, 355, 356, 366, 367, 373, 374, 379, 407, 408, 409, 410, 418, 421, 422, 432, 435, 436, 437, 446, 451, 452, 457, 458, 464, 465, 473, 498, 501, 503, 504, 510, 511, 512, 515, 516, 521, 522, 531, 554, 557, 565, 566, 567, 568, 577, 578, 579, 581, 582, 583, 589, 590, 591, 593, 594, 595, 596, 598, 600, 601, 602, 603, 611, 616, 617, 625], "excluded_lines": []}, "": {"executed_lines": [], "summary": {"covered_lines": 0, "num_statements": 27, "percent_covered": 0.0, "percent_covered_display": "0", "missing_lines": 27, "excluded_lines": 0}, "missing_lines": [7, 8, 9, 11, 13, 15, 18, 20, 45, 47, 48, 49, 50, 51, 52, 53, 55, 57, 58, 63, 71, 82, 215, 313, 387, 481, 539], "excluded_lines": []}}}}, "totals": {"covered_lines": 1714, "num_statements": 2735, "percent_covered": 62.6691042047532, "percent_covered_display": "63", "missing_lines": 1021, "excluded_lines": 0}}